  [1m[35m (70.0ms)[0m  [1m[35mCREATE TABLE "schema_migrations" ("version" character varying NOT NULL PRIMARY KEY)[0m
  [1m[35m (21.9ms)[0m  [1m[35mCREATE TABLE "ar_internal_metadata" ("key" character varying NOT NULL PRIMARY KEY, "value" character varying, "created_at" timestamp NOT NULL, "updated_at" timestamp NOT NULL)[0m
  [1m[35m (22.5ms)[0m  [1m[34mSELECT pg_try_advisory_lock(5181917507984287665);[0m
  [1m[35m (1.0ms)[0m  [1m[34mSELECT "schema_migrations"."version" FROM "schema_migrations" ORDER BY "schema_migrations"."version" ASC[0m
Migrating to CreateImages (20170613171945)
  [1m[35m (0.2ms)[0m  [1m[35mBEGIN[0m
  [1m[35m (6.4ms)[0m  [1m[31mROLLBACK[0m
  [1m[35m (0.4ms)[0m  [1m[34mSELECT pg_advisory_unlock(5181917507984287665)[0m
  [1m[35m (7.0ms)[0m  [1m[34mSELECT pg_try_advisory_lock(5181917507984287665);[0m
  [1m[35m (1.3ms)[0m  [1m[34mSELECT "schema_migrations"."version" FROM "schema_migrations" ORDER BY "schema_migrations"."version" ASC[0m
Migrating to CreateImages (20170613171945)
  [1m[35m (0.2ms)[0m  [1m[35mBEGIN[0m
  [1m[35m (52.0ms)[0m  [1m[35mCREATE TABLE "images" ("id" bigserial primary key, "name" character varying, "description" text, "src" character varying, "created_at" timestamp NOT NULL, "updated_at" timestamp NOT NULL)[0m
  [1m[35mSQL (0.7ms)[0m  [1m[32mINSERT INTO "schema_migrations" ("version") VALUES ($1) RETURNING "version"[0m  [["version", "20170613171945"]]
  [1m[35m (1.7ms)[0m  [1m[35mCOMMIT[0m
Migrating to CreateCollections (20170613182119)
  [1m[35m (6.3ms)[0m  [1m[35mBEGIN[0m
  [1m[35m (24.8ms)[0m  [1m[35mCREATE TABLE "collections" ("id" bigserial primary key, "name" character varying, "description" text, "created_at" timestamp NOT NULL, "updated_at" timestamp NOT NULL)[0m
  [1m[35mSQL (0.4ms)[0m  [1m[32mINSERT INTO "schema_migrations" ("version") VALUES ($1) RETURNING "version"[0m  [["version", "20170613182119"]]
  [1m[35m (0.6ms)[0m  [1m[35mCOMMIT[0m
Migrating to CreateUsers (20170613182842)
  [1m[35m (5.8ms)[0m  [1m[35mBEGIN[0m
  [1m[35m (22.6ms)[0m  [1m[35mCREATE TABLE "users" ("id" bigserial primary key, "firstName" character varying, "lastName" character varying, "created_at" timestamp NOT NULL, "updated_at" timestamp NOT NULL)[0m
  [1m[35mSQL (0.4ms)[0m  [1m[32mINSERT INTO "schema_migrations" ("version") VALUES ($1) RETURNING "version"[0m  [["version", "20170613182842"]]
  [1m[35m (0.6ms)[0m  [1m[35mCOMMIT[0m
  [1m[36mActiveRecord::InternalMetadata Load (0.7ms)[0m  [1m[34mSELECT  "ar_internal_metadata".* FROM "ar_internal_metadata" WHERE "ar_internal_metadata"."key" = $1 LIMIT $2[0m  [["key", "environment"], ["LIMIT", 1]]
  [1m[35m (0.2ms)[0m  [1m[35mBEGIN[0m
  [1m[35mSQL (23.9ms)[0m  [1m[32mINSERT INTO "ar_internal_metadata" ("key", "value", "created_at", "updated_at") VALUES ($1, $2, $3, $4) RETURNING "key"[0m  [["key", "environment"], ["value", "development"], ["created_at", "2017-06-13 18:33:05.328033"], ["updated_at", "2017-06-13 18:33:05.328033"]]
  [1m[35m (4.5ms)[0m  [1m[35mCOMMIT[0m
  [1m[35m (1.9ms)[0m  [1m[34mSELECT pg_advisory_unlock(5181917507984287665)[0m
  [1m[35m (15.0ms)[0m  [1m[34mSELECT "schema_migrations"."version" FROM "schema_migrations" ORDER BY "schema_migrations"."version" ASC[0m
  [1m[35m (3.3ms)[0m  [1m[34mSELECT "schema_migrations"."version" FROM "schema_migrations" ORDER BY "schema_migrations"."version" ASC[0m
  [1m[35m (1.7ms)[0m  [1m[34mSELECT "schema_migrations"."version" FROM "schema_migrations" ORDER BY "schema_migrations"."version" ASC[0m
  [1m[35m (0.2ms)[0m  [1m[35mBEGIN[0m
  [1m[35mSQL (33.5ms)[0m  [1m[32mINSERT INTO "users" ("firstName", "lastName", "created_at", "updated_at") VALUES ($1, $2, $3, $4) RETURNING "id"[0m  [["firstName", "John"], ["lastName", "Smith"], ["created_at", "2017-06-13 18:45:16.808819"], ["updated_at", "2017-06-13 18:45:16.808819"]]
  [1m[35m (1.1ms)[0m  [1m[35mCOMMIT[0m
  [1m[35m (0.2ms)[0m  [1m[35mBEGIN[0m
  [1m[35mSQL (0.4ms)[0m  [1m[32mINSERT INTO "users" ("firstName", "lastName", "created_at", "updated_at") VALUES ($1, $2, $3, $4) RETURNING "id"[0m  [["firstName", "John"], ["lastName", "Smith"], ["created_at", "2017-06-13 18:45:16.846220"], ["updated_at", "2017-06-13 18:45:16.846220"]]
  [1m[35m (0.3ms)[0m  [1m[35mCOMMIT[0m
  [1m[35m (0.1ms)[0m  [1m[35mBEGIN[0m
  [1m[35mSQL (0.3ms)[0m  [1m[32mINSERT INTO "users" ("firstName", "lastName", "created_at", "updated_at") VALUES ($1, $2, $3, $4) RETURNING "id"[0m  [["firstName", "John"], ["lastName", "Smith"], ["created_at", "2017-06-13 18:45:16.848681"], ["updated_at", "2017-06-13 18:45:16.848681"]]
  [1m[35m (0.3ms)[0m  [1m[35mCOMMIT[0m
  [1m[35m (0.2ms)[0m  [1m[35mBEGIN[0m
  [1m[35mSQL (0.3ms)[0m  [1m[32mINSERT INTO "users" ("firstName", "lastName", "created_at", "updated_at") VALUES ($1, $2, $3, $4) RETURNING "id"[0m  [["firstName", "John"], ["lastName", "Smith"], ["created_at", "2017-06-13 18:45:16.850961"], ["updated_at", "2017-06-13 18:45:16.850961"]]
  [1m[35m (0.3ms)[0m  [1m[35mCOMMIT[0m
  [1m[35m (0.1ms)[0m  [1m[35mBEGIN[0m
  [1m[35mSQL (0.3ms)[0m  [1m[32mINSERT INTO "users" ("firstName", "lastName", "created_at", "updated_at") VALUES ($1, $2, $3, $4) RETURNING "id"[0m  [["firstName", "John"], ["lastName", "Smith"], ["created_at", "2017-06-13 18:45:16.853020"], ["updated_at", "2017-06-13 18:45:16.853020"]]
  [1m[35m (0.3ms)[0m  [1m[35mCOMMIT[0m
  [1m[35m (0.1ms)[0m  [1m[35mBEGIN[0m
  [1m[35mSQL (0.3ms)[0m  [1m[32mINSERT INTO "users" ("firstName", "lastName", "created_at", "updated_at") VALUES ($1, $2, $3, $4) RETURNING "id"[0m  [["firstName", "John"], ["lastName", "Smith"], ["created_at", "2017-06-13 18:45:16.855121"], ["updated_at", "2017-06-13 18:45:16.855121"]]
  [1m[35m (0.3ms)[0m  [1m[35mCOMMIT[0m
  [1m[35m (0.1ms)[0m  [1m[35mBEGIN[0m
  [1m[35mSQL (0.3ms)[0m  [1m[32mINSERT INTO "users" ("firstName", "lastName", "created_at", "updated_at") VALUES ($1, $2, $3, $4) RETURNING "id"[0m  [["firstName", "John"], ["lastName", "Smith"], ["created_at", "2017-06-13 18:45:16.857209"], ["updated_at", "2017-06-13 18:45:16.857209"]]
  [1m[35m (0.3ms)[0m  [1m[35mCOMMIT[0m
  [1m[35m (0.2ms)[0m  [1m[35mBEGIN[0m
  [1m[35mSQL (0.4ms)[0m  [1m[32mINSERT INTO "users" ("firstName", "lastName", "created_at", "updated_at") VALUES ($1, $2, $3, $4) RETURNING "id"[0m  [["firstName", "John"], ["lastName", "Smith"], ["created_at", "2017-06-13 18:45:16.859690"], ["updated_at", "2017-06-13 18:45:16.859690"]]
  [1m[35m (0.5ms)[0m  [1m[35mCOMMIT[0m
  [1m[35m (0.1ms)[0m  [1m[35mBEGIN[0m
  [1m[35mSQL (0.3ms)[0m  [1m[32mINSERT INTO "users" ("firstName", "lastName", "created_at", "updated_at") VALUES ($1, $2, $3, $4) RETURNING "id"[0m  [["firstName", "John"], ["lastName", "Smith"], ["created_at", "2017-06-13 18:45:16.862190"], ["updated_at", "2017-06-13 18:45:16.862190"]]
  [1m[35m (6.1ms)[0m  [1m[35mCOMMIT[0m
  [1m[35m (0.2ms)[0m  [1m[35mBEGIN[0m
  [1m[35mSQL (0.4ms)[0m  [1m[32mINSERT INTO "users" ("firstName", "lastName", "created_at", "updated_at") VALUES ($1, $2, $3, $4) RETURNING "id"[0m  [["firstName", "John"], ["lastName", "Smith"], ["created_at", "2017-06-13 18:45:16.870703"], ["updated_at", "2017-06-13 18:45:16.870703"]]
  [1m[35m (6.6ms)[0m  [1m[35mCOMMIT[0m
  [1m[35m (0.2ms)[0m  [1m[35mBEGIN[0m
  [1m[35m (5.7ms)[0m  [1m[31mROLLBACK[0m
  [1m[35m (3.3ms)[0m  [1m[34mSELECT "schema_migrations"."version" FROM "schema_migrations" ORDER BY "schema_migrations"."version" ASC[0m
  [1m[35m (0.7ms)[0m  [1m[34mSELECT "schema_migrations"."version" FROM "schema_migrations" ORDER BY "schema_migrations"."version" ASC[0m
  [1m[35m (2.6ms)[0m  [1m[34mSELECT "schema_migrations"."version" FROM "schema_migrations" ORDER BY "schema_migrations"."version" ASC[0m
  [1m[35m (0.2ms)[0m  [1m[35mBEGIN[0m
  [1m[35mSQL (34.7ms)[0m  [1m[32mINSERT INTO "users" ("firstName", "lastName", "created_at", "updated_at") VALUES ($1, $2, $3, $4) RETURNING "id"[0m  [["firstName", "Madeline"], ["lastName", "Volkertz"], ["created_at", "2017-06-13 19:07:14.217220"], ["updated_at", "2017-06-13 19:07:14.217220"]]
  [1m[35m (1.8ms)[0m  [1m[35mCOMMIT[0m
  [1m[35m (0.2ms)[0m  [1m[35mBEGIN[0m
  [1m[35mSQL (0.5ms)[0m  [1m[32mINSERT INTO "users" ("firstName", "lastName", "created_at", "updated_at") VALUES ($1, $2, $3, $4) RETURNING "id"[0m  [["firstName", "Val"], ["lastName", "Lachapelle"], ["created_at", "2017-06-13 19:07:14.257347"], ["updated_at", "2017-06-13 19:07:14.257347"]]
  [1m[35m (2.1ms)[0m  [1m[35mCOMMIT[0m
  [1m[35m (0.2ms)[0m  [1m[35mBEGIN[0m
  [1m[35mSQL (0.5ms)[0m  [1m[32mINSERT INTO "users" ("firstName", "lastName", "created_at", "updated_at") VALUES ($1, $2, $3, $4) RETURNING "id"[0m  [["firstName", "Ali"], ["lastName", "Benson"], ["created_at", "2017-06-13 19:07:14.262346"], ["updated_at", "2017-06-13 19:07:14.262346"]]
  [1m[35m (0.5ms)[0m  [1m[35mCOMMIT[0m
  [1m[35m (0.2ms)[0m  [1m[35mBEGIN[0m
  [1m[35m (6.7ms)[0m  [1m[31mROLLBACK[0m
  [1m[35m (0.2ms)[0m  [1m[35mBEGIN[0m
  [1m[35m (0.2ms)[0m  [1m[31mROLLBACK[0m
  [1m[35m (0.2ms)[0m  [1m[35mBEGIN[0m
  [1m[35m (0.2ms)[0m  [1m[31mROLLBACK[0m
  [1m[35m (0.2ms)[0m  [1m[35mBEGIN[0m
  [1m[35m (0.2ms)[0m  [1m[31mROLLBACK[0m
  [1m[35m (0.1ms)[0m  [1m[35mBEGIN[0m
  [1m[35m (0.2ms)[0m  [1m[31mROLLBACK[0m
  [1m[35m (0.1ms)[0m  [1m[35mBEGIN[0m
  [1m[35m (0.2ms)[0m  [1m[31mROLLBACK[0m
  [1m[35m (6.8ms)[0m  [1m[34mSELECT "schema_migrations"."version" FROM "schema_migrations" ORDER BY "schema_migrations"."version" ASC[0m
  [1m[35m (0.2ms)[0m  [1m[35mBEGIN[0m
  [1m[35m (0.3ms)[0m  [1m[31mROLLBACK[0m
  [1m[35m (2.0ms)[0m  [1m[34mSELECT "schema_migrations"."version" FROM "schema_migrations" ORDER BY "schema_migrations"."version" ASC[0m
  [1m[35m (0.2ms)[0m  [1m[35mBEGIN[0m
  [1m[35mSQL (36.2ms)[0m  [1m[32mINSERT INTO "collections" ("name", "description", "created_at", "updated_at") VALUES ($1, $2, $3, $4) RETURNING "id"[0m  [["name", "collection"], ["description", "This is a test collection"], ["created_at", "2017-06-13 19:21:45.500519"], ["updated_at", "2017-06-13 19:21:45.500519"]]
  [1m[35m (1.8ms)[0m  [1m[35mCOMMIT[0m
  [1m[35m (0.2ms)[0m  [1m[35mBEGIN[0m
  [1m[35mSQL (1.8ms)[0m  [1m[32mINSERT INTO "collections" ("name", "description", "created_at", "updated_at") VALUES ($1, $2, $3, $4) RETURNING "id"[0m  [["name", "collection"], ["description", "This is a test collection"], ["created_at", "2017-06-13 19:21:45.541906"], ["updated_at", "2017-06-13 19:21:45.541906"]]
  [1m[35m (0.4ms)[0m  [1m[35mCOMMIT[0m
  [1m[35m (0.1ms)[0m  [1m[35mBEGIN[0m
  [1m[35mSQL (0.5ms)[0m  [1m[32mINSERT INTO "collections" ("name", "description", "created_at", "updated_at") VALUES ($1, $2, $3, $4) RETURNING "id"[0m  [["name", "collection"], ["description", "This is a test collection"], ["created_at", "2017-06-13 19:21:45.546573"], ["updated_at", "2017-06-13 19:21:45.546573"]]
  [1m[35m (0.4ms)[0m  [1m[35mCOMMIT[0m
  [1m[35m (0.1ms)[0m  [1m[35mBEGIN[0m
  [1m[35mSQL (3.1ms)[0m  [1m[32mINSERT INTO "collections" ("name", "description", "created_at", "updated_at") VALUES ($1, $2, $3, $4) RETURNING "id"[0m  [["name", "collection"], ["description", "This is a test collection"], ["created_at", "2017-06-13 19:21:45.549714"], ["updated_at", "2017-06-13 19:21:45.549714"]]
  [1m[35m (0.4ms)[0m  [1m[35mCOMMIT[0m
  [1m[35m (0.1ms)[0m  [1m[35mBEGIN[0m
  [1m[35mSQL (0.3ms)[0m  [1m[32mINSERT INTO "collections" ("name", "description", "created_at", "updated_at") VALUES ($1, $2, $3, $4) RETURNING "id"[0m  [["name", "collection"], ["description", "This is a test collection"], ["created_at", "2017-06-13 19:21:45.555263"], ["updated_at", "2017-06-13 19:21:45.555263"]]
  [1m[35m (0.4ms)[0m  [1m[35mCOMMIT[0m
  [1m[35m (0.1ms)[0m  [1m[35mBEGIN[0m
  [1m[35mSQL (0.3ms)[0m  [1m[32mINSERT INTO "collections" ("name", "description", "created_at", "updated_at") VALUES ($1, $2, $3, $4) RETURNING "id"[0m  [["name", "collection"], ["description", "This is a test collection"], ["created_at", "2017-06-13 19:21:45.557400"], ["updated_at", "2017-06-13 19:21:45.557400"]]
  [1m[35m (0.4ms)[0m  [1m[35mCOMMIT[0m
  [1m[35m (0.1ms)[0m  [1m[35mBEGIN[0m
  [1m[35mSQL (0.3ms)[0m  [1m[32mINSERT INTO "collections" ("name", "description", "created_at", "updated_at") VALUES ($1, $2, $3, $4) RETURNING "id"[0m  [["name", "collection"], ["description", "This is a test collection"], ["created_at", "2017-06-13 19:21:45.559640"], ["updated_at", "2017-06-13 19:21:45.559640"]]
  [1m[35m (0.3ms)[0m  [1m[35mCOMMIT[0m
  [1m[35m (0.1ms)[0m  [1m[35mBEGIN[0m
  [1m[35mSQL (0.5ms)[0m  [1m[32mINSERT INTO "collections" ("name", "description", "created_at", "updated_at") VALUES ($1, $2, $3, $4) RETURNING "id"[0m  [["name", "collection"], ["description", "This is a test collection"], ["created_at", "2017-06-13 19:21:45.561766"], ["updated_at", "2017-06-13 19:21:45.561766"]]
  [1m[35m (0.3ms)[0m  [1m[35mCOMMIT[0m
  [1m[35m (0.1ms)[0m  [1m[35mBEGIN[0m
  [1m[35mSQL (0.3ms)[0m  [1m[32mINSERT INTO "collections" ("name", "description", "created_at", "updated_at") VALUES ($1, $2, $3, $4) RETURNING "id"[0m  [["name", "collection"], ["description", "This is a test collection"], ["created_at", "2017-06-13 19:21:45.564029"], ["updated_at", "2017-06-13 19:21:45.564029"]]
  [1m[35m (0.3ms)[0m  [1m[35mCOMMIT[0m
  [1m[35m (0.1ms)[0m  [1m[35mBEGIN[0m
  [1m[35mSQL (0.2ms)[0m  [1m[32mINSERT INTO "collections" ("name", "description", "created_at", "updated_at") VALUES ($1, $2, $3, $4) RETURNING "id"[0m  [["name", "collection"], ["description", "This is a test collection"], ["created_at", "2017-06-13 19:21:45.565966"], ["updated_at", "2017-06-13 19:21:45.565966"]]
  [1m[35m (0.3ms)[0m  [1m[35mCOMMIT[0m
  [1m[35m (0.2ms)[0m  [1m[35mBEGIN[0m
  [1m[35m (6.2ms)[0m  [1m[31mROLLBACK[0m
  [1m[35m (1.9ms)[0m  [1m[34mSELECT "schema_migrations"."version" FROM "schema_migrations" ORDER BY "schema_migrations"."version" ASC[0m
  [1m[35m (0.2ms)[0m  [1m[35mBEGIN[0m
  [1m[35mSQL (12.0ms)[0m  [1m[32mINSERT INTO "collections" ("name", "description", "created_at", "updated_at") VALUES ($1, $2, $3, $4) RETURNING "id"[0m  [["name", "collection"], ["description", "This is a test collection"], ["created_at", "2017-06-13 19:22:15.133984"], ["updated_at", "2017-06-13 19:22:15.133984"]]
  [1m[35m (0.6ms)[0m  [1m[35mCOMMIT[0m
  [1m[35m (0.2ms)[0m  [1m[35mBEGIN[0m
  [1m[35mSQL (0.5ms)[0m  [1m[32mINSERT INTO "collections" ("name", "description", "created_at", "updated_at") VALUES ($1, $2, $3, $4) RETURNING "id"[0m  [["name", "collection"], ["description", "This is a test collection"], ["created_at", "2017-06-13 19:22:15.149650"], ["updated_at", "2017-06-13 19:22:15.149650"]]
  [1m[35m (0.4ms)[0m  [1m[35mCOMMIT[0m
  [1m[35m (0.2ms)[0m  [1m[35mBEGIN[0m
  [1m[35mSQL (0.4ms)[0m  [1m[32mINSERT INTO "collections" ("name", "description", "created_at", "updated_at") VALUES ($1, $2, $3, $4) RETURNING "id"[0m  [["name", "collection"], ["description", "This is a test collection"], ["created_at", "2017-06-13 19:22:15.152861"], ["updated_at", "2017-06-13 19:22:15.152861"]]
  [1m[35m (0.5ms)[0m  [1m[35mCOMMIT[0m
  [1m[35m (0.1ms)[0m  [1m[35mBEGIN[0m
  [1m[35mSQL (0.4ms)[0m  [1m[32mINSERT INTO "collections" ("name", "description", "created_at", "updated_at") VALUES ($1, $2, $3, $4) RETURNING "id"[0m  [["name", "collection"], ["description", "This is a test collection"], ["created_at", "2017-06-13 19:22:15.155649"], ["updated_at", "2017-06-13 19:22:15.155649"]]
  [1m[35m (0.4ms)[0m  [1m[35mCOMMIT[0m
  [1m[35m (0.2ms)[0m  [1m[35mBEGIN[0m
  [1m[35mSQL (0.3ms)[0m  [1m[32mINSERT INTO "collections" ("name", "description", "created_at", "updated_at") VALUES ($1, $2, $3, $4) RETURNING "id"[0m  [["name", "collection"], ["description", "This is a test collection"], ["created_at", "2017-06-13 19:22:15.158177"], ["updated_at", "2017-06-13 19:22:15.158177"]]
  [1m[35m (0.5ms)[0m  [1m[35mCOMMIT[0m
  [1m[35m (0.2ms)[0m  [1m[35mBEGIN[0m
  [1m[35mSQL (0.5ms)[0m  [1m[32mINSERT INTO "collections" ("name", "description", "created_at", "updated_at") VALUES ($1, $2, $3, $4) RETURNING "id"[0m  [["name", "collection"], ["description", "This is a test collection"], ["created_at", "2017-06-13 19:22:15.160754"], ["updated_at", "2017-06-13 19:22:15.160754"]]
  [1m[35m (0.5ms)[0m  [1m[35mCOMMIT[0m
  [1m[35m (0.2ms)[0m  [1m[35mBEGIN[0m
  [1m[35mSQL (0.3ms)[0m  [1m[32mINSERT INTO "collections" ("name", "description", "created_at", "updated_at") VALUES ($1, $2, $3, $4) RETURNING "id"[0m  [["name", "collection"], ["description", "This is a test collection"], ["created_at", "2017-06-13 19:22:15.164003"], ["updated_at", "2017-06-13 19:22:15.164003"]]
  [1m[35m (0.4ms)[0m  [1m[35mCOMMIT[0m
  [1m[35m (0.1ms)[0m  [1m[35mBEGIN[0m
  [1m[35mSQL (0.3ms)[0m  [1m[32mINSERT INTO "collections" ("name", "description", "created_at", "updated_at") VALUES ($1, $2, $3, $4) RETURNING "id"[0m  [["name", "collection"], ["description", "This is a test collection"], ["created_at", "2017-06-13 19:22:15.166389"], ["updated_at", "2017-06-13 19:22:15.166389"]]
  [1m[35m (0.4ms)[0m  [1m[35mCOMMIT[0m
  [1m[35m (0.1ms)[0m  [1m[35mBEGIN[0m
  [1m[35mSQL (0.3ms)[0m  [1m[32mINSERT INTO "collections" ("name", "description", "created_at", "updated_at") VALUES ($1, $2, $3, $4) RETURNING "id"[0m  [["name", "collection"], ["description", "This is a test collection"], ["created_at", "2017-06-13 19:22:15.168414"], ["updated_at", "2017-06-13 19:22:15.168414"]]
  [1m[35m (0.4ms)[0m  [1m[35mCOMMIT[0m
  [1m[35m (0.1ms)[0m  [1m[35mBEGIN[0m
  [1m[35mSQL (1.8ms)[0m  [1m[32mINSERT INTO "collections" ("name", "description", "created_at", "updated_at") VALUES ($1, $2, $3, $4) RETURNING "id"[0m  [["name", "collection"], ["description", "This is a test collection"], ["created_at", "2017-06-13 19:22:15.170387"], ["updated_at", "2017-06-13 19:22:15.170387"]]
  [1m[35m (0.5ms)[0m  [1m[35mCOMMIT[0m
  [1m[35m (0.2ms)[0m  [1m[35mBEGIN[0m
  [1m[35mSQL (13.6ms)[0m  [1m[32mINSERT INTO "images" ("name", "description", "src", "created_at", "updated_at") VALUES ($1, $2, $3, $4, $5) RETURNING "id"[0m  [["name", "image"], ["description", "This is a test image"], ["src", "http://via.placeholder.com/350x350\n"], ["created_at", "2017-06-13 19:22:15.186888"], ["updated_at", "2017-06-13 19:22:15.186888"]]
  [1m[35m (0.5ms)[0m  [1m[35mCOMMIT[0m
  [1m[35m (0.3ms)[0m  [1m[35mBEGIN[0m
  [1m[35mSQL (0.7ms)[0m  [1m[32mINSERT INTO "images" ("name", "description", "src", "created_at", "updated_at") VALUES ($1, $2, $3, $4, $5) RETURNING "id"[0m  [["name", "image"], ["description", "This is a test image"], ["src", "http://via.placeholder.com/350x350\n"], ["created_at", "2017-06-13 19:22:15.203857"], ["updated_at", "2017-06-13 19:22:15.203857"]]
  [1m[35m (0.4ms)[0m  [1m[35mCOMMIT[0m
  [1m[35m (0.1ms)[0m  [1m[35mBEGIN[0m
  [1m[35mSQL (0.3ms)[0m  [1m[32mINSERT INTO "images" ("name", "description", "src", "created_at", "updated_at") VALUES ($1, $2, $3, $4, $5) RETURNING "id"[0m  [["name", "image"], ["description", "This is a test image"], ["src", "http://via.placeholder.com/350x350\n"], ["created_at", "2017-06-13 19:22:15.207388"], ["updated_at", "2017-06-13 19:22:15.207388"]]
  [1m[35m (0.3ms)[0m  [1m[35mCOMMIT[0m
  [1m[35m (0.1ms)[0m  [1m[35mBEGIN[0m
  [1m[35mSQL (0.3ms)[0m  [1m[32mINSERT INTO "images" ("name", "description", "src", "created_at", "updated_at") VALUES ($1, $2, $3, $4, $5) RETURNING "id"[0m  [["name", "image"], ["description", "This is a test image"], ["src", "http://via.placeholder.com/350x350\n"], ["created_at", "2017-06-13 19:22:15.209509"], ["updated_at", "2017-06-13 19:22:15.209509"]]
  [1m[35m (0.3ms)[0m  [1m[35mCOMMIT[0m
  [1m[35m (0.1ms)[0m  [1m[35mBEGIN[0m
  [1m[35mSQL (0.3ms)[0m  [1m[32mINSERT INTO "images" ("name", "description", "src", "created_at", "updated_at") VALUES ($1, $2, $3, $4, $5) RETURNING "id"[0m  [["name", "image"], ["description", "This is a test image"], ["src", "http://via.placeholder.com/350x350\n"], ["created_at", "2017-06-13 19:22:15.211454"], ["updated_at", "2017-06-13 19:22:15.211454"]]
  [1m[35m (0.4ms)[0m  [1m[35mCOMMIT[0m
  [1m[35m (0.1ms)[0m  [1m[35mBEGIN[0m
  [1m[35mSQL (0.3ms)[0m  [1m[32mINSERT INTO "images" ("name", "description", "src", "created_at", "updated_at") VALUES ($1, $2, $3, $4, $5) RETURNING "id"[0m  [["name", "image"], ["description", "This is a test image"], ["src", "http://via.placeholder.com/350x350\n"], ["created_at", "2017-06-13 19:22:15.213250"], ["updated_at", "2017-06-13 19:22:15.213250"]]
  [1m[35m (0.3ms)[0m  [1m[35mCOMMIT[0m
  [1m[35m (0.1ms)[0m  [1m[35mBEGIN[0m
  [1m[35mSQL (0.3ms)[0m  [1m[32mINSERT INTO "images" ("name", "description", "src", "created_at", "updated_at") VALUES ($1, $2, $3, $4, $5) RETURNING "id"[0m  [["name", "image"], ["description", "This is a test image"], ["src", "http://via.placeholder.com/350x350\n"], ["created_at", "2017-06-13 19:22:15.214910"], ["updated_at", "2017-06-13 19:22:15.214910"]]
  [1m[35m (0.4ms)[0m  [1m[35mCOMMIT[0m
  [1m[35m (0.1ms)[0m  [1m[35mBEGIN[0m
  [1m[35mSQL (0.3ms)[0m  [1m[32mINSERT INTO "images" ("name", "description", "src", "created_at", "updated_at") VALUES ($1, $2, $3, $4, $5) RETURNING "id"[0m  [["name", "image"], ["description", "This is a test image"], ["src", "http://via.placeholder.com/350x350\n"], ["created_at", "2017-06-13 19:22:15.216860"], ["updated_at", "2017-06-13 19:22:15.216860"]]
  [1m[35m (0.4ms)[0m  [1m[35mCOMMIT[0m
  [1m[35m (0.1ms)[0m  [1m[35mBEGIN[0m
  [1m[35mSQL (0.3ms)[0m  [1m[32mINSERT INTO "images" ("name", "description", "src", "created_at", "updated_at") VALUES ($1, $2, $3, $4, $5) RETURNING "id"[0m  [["name", "image"], ["description", "This is a test image"], ["src", "http://via.placeholder.com/350x350\n"], ["created_at", "2017-06-13 19:22:15.218841"], ["updated_at", "2017-06-13 19:22:15.218841"]]
  [1m[35m (0.4ms)[0m  [1m[35mCOMMIT[0m
  [1m[35m (0.2ms)[0m  [1m[35mBEGIN[0m
  [1m[35mSQL (0.4ms)[0m  [1m[32mINSERT INTO "images" ("name", "description", "src", "created_at", "updated_at") VALUES ($1, $2, $3, $4, $5) RETURNING "id"[0m  [["name", "image"], ["description", "This is a test image"], ["src", "http://via.placeholder.com/350x350\n"], ["created_at", "2017-06-13 19:22:15.221043"], ["updated_at", "2017-06-13 19:22:15.221043"]]
  [1m[35m (0.4ms)[0m  [1m[35mCOMMIT[0m
  [1m[35m (7.8ms)[0m  [1m[34mSELECT "schema_migrations"."version" FROM "schema_migrations" ORDER BY "schema_migrations"."version" ASC[0m
  [1m[35m (0.2ms)[0m  [1m[35mBEGIN[0m
  [1m[35mSQL (10.2ms)[0m  [1m[32mINSERT INTO "users" ("firstName", "lastName", "created_at", "updated_at") VALUES ($1, $2, $3, $4) RETURNING "id"[0m  [["firstName", "John"], ["lastName", "Smith"], ["created_at", "2017-06-13 19:25:24.378153"], ["updated_at", "2017-06-13 19:25:24.378153"]]
  [1m[35m (1.5ms)[0m  [1m[35mCOMMIT[0m
  [1m[35m (0.2ms)[0m  [1m[35mBEGIN[0m
  [1m[35mSQL (0.5ms)[0m  [1m[32mINSERT INTO "users" ("firstName", "lastName", "created_at", "updated_at") VALUES ($1, $2, $3, $4) RETURNING "id"[0m  [["firstName", "John"], ["lastName", "Smith"], ["created_at", "2017-06-13 19:25:24.392593"], ["updated_at", "2017-06-13 19:25:24.392593"]]
  [1m[35m (0.5ms)[0m  [1m[35mCOMMIT[0m
  [1m[35m (0.1ms)[0m  [1m[35mBEGIN[0m
  [1m[35mSQL (0.4ms)[0m  [1m[32mINSERT INTO "users" ("firstName", "lastName", "created_at", "updated_at") VALUES ($1, $2, $3, $4) RETURNING "id"[0m  [["firstName", "John"], ["lastName", "Smith"], ["created_at", "2017-06-13 19:25:24.395397"], ["updated_at", "2017-06-13 19:25:24.395397"]]
  [1m[35m (0.4ms)[0m  [1m[35mCOMMIT[0m
  [1m[35m (0.1ms)[0m  [1m[35mBEGIN[0m
  [1m[35mSQL (0.3ms)[0m  [1m[32mINSERT INTO "users" ("firstName", "lastName", "created_at", "updated_at") VALUES ($1, $2, $3, $4) RETURNING "id"[0m  [["firstName", "John"], ["lastName", "Smith"], ["created_at", "2017-06-13 19:25:24.397575"], ["updated_at", "2017-06-13 19:25:24.397575"]]
  [1m[35m (0.4ms)[0m  [1m[35mCOMMIT[0m
  [1m[35m (0.1ms)[0m  [1m[35mBEGIN[0m
  [1m[35mSQL (0.3ms)[0m  [1m[32mINSERT INTO "users" ("firstName", "lastName", "created_at", "updated_at") VALUES ($1, $2, $3, $4) RETURNING "id"[0m  [["firstName", "John"], ["lastName", "Smith"], ["created_at", "2017-06-13 19:25:24.399521"], ["updated_at", "2017-06-13 19:25:24.399521"]]
  [1m[35m (0.4ms)[0m  [1m[35mCOMMIT[0m
  [1m[35m (0.1ms)[0m  [1m[35mBEGIN[0m
  [1m[35mSQL (0.3ms)[0m  [1m[32mINSERT INTO "users" ("firstName", "lastName", "created_at", "updated_at") VALUES ($1, $2, $3, $4) RETURNING "id"[0m  [["firstName", "John"], ["lastName", "Smith"], ["created_at", "2017-06-13 19:25:24.401471"], ["updated_at", "2017-06-13 19:25:24.401471"]]
  [1m[35m (0.4ms)[0m  [1m[35mCOMMIT[0m
  [1m[35m (0.1ms)[0m  [1m[35mBEGIN[0m
  [1m[35mSQL (0.3ms)[0m  [1m[32mINSERT INTO "users" ("firstName", "lastName", "created_at", "updated_at") VALUES ($1, $2, $3, $4) RETURNING "id"[0m  [["firstName", "John"], ["lastName", "Smith"], ["created_at", "2017-06-13 19:25:24.403527"], ["updated_at", "2017-06-13 19:25:24.403527"]]
  [1m[35m (0.3ms)[0m  [1m[35mCOMMIT[0m
  [1m[35m (0.1ms)[0m  [1m[35mBEGIN[0m
  [1m[35mSQL (0.3ms)[0m  [1m[32mINSERT INTO "users" ("firstName", "lastName", "created_at", "updated_at") VALUES ($1, $2, $3, $4) RETURNING "id"[0m  [["firstName", "John"], ["lastName", "Smith"], ["created_at", "2017-06-13 19:25:24.405623"], ["updated_at", "2017-06-13 19:25:24.405623"]]
  [1m[35m (0.4ms)[0m  [1m[35mCOMMIT[0m
  [1m[35m (0.1ms)[0m  [1m[35mBEGIN[0m
  [1m[35mSQL (0.3ms)[0m  [1m[32mINSERT INTO "users" ("firstName", "lastName", "created_at", "updated_at") VALUES ($1, $2, $3, $4) RETURNING "id"[0m  [["firstName", "John"], ["lastName", "Smith"], ["created_at", "2017-06-13 19:25:24.407546"], ["updated_at", "2017-06-13 19:25:24.407546"]]
  [1m[35m (0.4ms)[0m  [1m[35mCOMMIT[0m
  [1m[35m (0.1ms)[0m  [1m[35mBEGIN[0m
  [1m[35mSQL (0.3ms)[0m  [1m[32mINSERT INTO "users" ("firstName", "lastName", "created_at", "updated_at") VALUES ($1, $2, $3, $4) RETURNING "id"[0m  [["firstName", "John"], ["lastName", "Smith"], ["created_at", "2017-06-13 19:25:24.409438"], ["updated_at", "2017-06-13 19:25:24.409438"]]
  [1m[35m (0.3ms)[0m  [1m[35mCOMMIT[0m
  [1m[35m (24.4ms)[0m  [1m[34mSELECT pg_try_advisory_lock(5181917507984287665);[0m
  [1m[35m (2.5ms)[0m  [1m[34mSELECT "schema_migrations"."version" FROM "schema_migrations" ORDER BY "schema_migrations"."version" ASC[0m
Migrating to AddUserToImages (20170613194031)
  [1m[35m (0.2ms)[0m  [1m[35mBEGIN[0m
  [1m[35m (42.9ms)[0m  [1m[35mALTER TABLE "images" ADD "user_id" bigint[0m
  [1m[35m (15.7ms)[0m  [1m[35mCREATE  INDEX  "index_images_on_user_id" ON "images"  ("user_id")[0m
  [1m[35mSQL (1.0ms)[0m  [1m[32mINSERT INTO "schema_migrations" ("version") VALUES ($1) RETURNING "version"[0m  [["version", "20170613194031"]]
  [1m[35m (4.0ms)[0m  [1m[35mCOMMIT[0m
Migrating to AddUserToCollections (20170613194041)
  [1m[35m (0.3ms)[0m  [1m[35mBEGIN[0m
  [1m[35m (0.6ms)[0m  [1m[35mALTER TABLE "collections" ADD "user_id" bigint[0m
  [1m[35m (7.1ms)[0m  [1m[35mCREATE  INDEX  "index_collections_on_user_id" ON "collections"  ("user_id")[0m
  [1m[35mSQL (0.5ms)[0m  [1m[32mINSERT INTO "schema_migrations" ("version") VALUES ($1) RETURNING "version"[0m  [["version", "20170613194041"]]
  [1m[35m (6.5ms)[0m  [1m[35mCOMMIT[0m
  [1m[36mActiveRecord::InternalMetadata Load (0.5ms)[0m  [1m[34mSELECT  "ar_internal_metadata".* FROM "ar_internal_metadata" WHERE "ar_internal_metadata"."key" = $1 LIMIT $2[0m  [["key", "environment"], ["LIMIT", 1]]
  [1m[35m (0.5ms)[0m  [1m[35mBEGIN[0m
  [1m[35m (0.4ms)[0m  [1m[35mCOMMIT[0m
  [1m[35m (0.5ms)[0m  [1m[34mSELECT pg_advisory_unlock(5181917507984287665)[0m
  [1m[35m (0.2ms)[0m  [1m[34mSELECT "schema_migrations"."version" FROM "schema_migrations" ORDER BY "schema_migrations"."version" ASC[0m
  [1m[35m (0.3ms)[0m  [1m[34mSELECT pg_try_advisory_lock(5181917507984287665);[0m
  [1m[35m (0.6ms)[0m  [1m[34mSELECT "schema_migrations"."version" FROM "schema_migrations" ORDER BY "schema_migrations"."version" ASC[0m
  [1m[36mActiveRecord::InternalMetadata Load (0.5ms)[0m  [1m[34mSELECT  "ar_internal_metadata".* FROM "ar_internal_metadata" WHERE "ar_internal_metadata"."key" = $1 LIMIT $2[0m  [["key", "environment"], ["LIMIT", 1]]
  [1m[35m (0.3ms)[0m  [1m[35mBEGIN[0m
  [1m[35m (0.2ms)[0m  [1m[35mCOMMIT[0m
  [1m[35m (0.3ms)[0m  [1m[34mSELECT pg_advisory_unlock(5181917507984287665)[0m
  [1m[35m (0.2ms)[0m  [1m[34mSELECT "schema_migrations"."version" FROM "schema_migrations" ORDER BY "schema_migrations"."version" ASC[0m
  [1m[35m (0.8ms)[0m  [1m[34mSELECT "schema_migrations"."version" FROM "schema_migrations" ORDER BY "schema_migrations"."version" ASC[0m
  [1m[35m (0.6ms)[0m  [1m[34mSELECT pg_try_advisory_lock(5181917507984287665);[0m
  [1m[35m (11.0ms)[0m  [1m[34mSELECT "schema_migrations"."version" FROM "schema_migrations" ORDER BY "schema_migrations"."version" ASC[0m
  [1m[36mActiveRecord::InternalMetadata Load (0.6ms)[0m  [1m[34mSELECT  "ar_internal_metadata".* FROM "ar_internal_metadata" WHERE "ar_internal_metadata"."key" = $1 LIMIT $2[0m  [["key", "environment"], ["LIMIT", 1]]
  [1m[35m (0.3ms)[0m  [1m[35mBEGIN[0m
  [1m[35m (0.1ms)[0m  [1m[35mCOMMIT[0m
  [1m[35m (0.3ms)[0m  [1m[34mSELECT pg_advisory_unlock(5181917507984287665)[0m
  [1m[35m (0.3ms)[0m  [1m[34mSELECT "schema_migrations"."version" FROM "schema_migrations" ORDER BY "schema_migrations"."version" ASC[0m
  [1m[35m (11.0ms)[0m  [1m[34mSELECT pg_try_advisory_lock(5181917507984287665);[0m
  [1m[35m (3.8ms)[0m  [1m[34mSELECT "schema_migrations"."version" FROM "schema_migrations" ORDER BY "schema_migrations"."version" ASC[0m
  [1m[36mActiveRecord::InternalMetadata Load (5.9ms)[0m  [1m[34mSELECT  "ar_internal_metadata".* FROM "ar_internal_metadata" WHERE "ar_internal_metadata"."key" = $1 LIMIT $2[0m  [["key", "environment"], ["LIMIT", 1]]
  [1m[35m (0.2ms)[0m  [1m[35mBEGIN[0m
  [1m[35m (0.2ms)[0m  [1m[35mCOMMIT[0m
  [1m[35m (0.4ms)[0m  [1m[34mSELECT pg_advisory_unlock(5181917507984287665)[0m
  [1m[35m (0.4ms)[0m  [1m[34mSELECT "schema_migrations"."version" FROM "schema_migrations" ORDER BY "schema_migrations"."version" ASC[0m
  [1m[35m (0.4ms)[0m  [1m[34mSELECT pg_try_advisory_lock(5181917507984287665);[0m
  [1m[35m (7.2ms)[0m  [1m[34mSELECT "schema_migrations"."version" FROM "schema_migrations" ORDER BY "schema_migrations"."version" ASC[0m
  [1m[36mActiveRecord::InternalMetadata Load (0.5ms)[0m  [1m[34mSELECT  "ar_internal_metadata".* FROM "ar_internal_metadata" WHERE "ar_internal_metadata"."key" = $1 LIMIT $2[0m  [["key", "environment"], ["LIMIT", 1]]
  [1m[35m (0.2ms)[0m  [1m[35mBEGIN[0m
  [1m[35m (0.1ms)[0m  [1m[35mCOMMIT[0m
  [1m[35m (0.3ms)[0m  [1m[34mSELECT pg_advisory_unlock(5181917507984287665)[0m
  [1m[35m (0.3ms)[0m  [1m[34mSELECT "schema_migrations"."version" FROM "schema_migrations" ORDER BY "schema_migrations"."version" ASC[0m
  [1m[35m (0.3ms)[0m  [1m[34mSELECT pg_try_advisory_lock(5181917507984287665);[0m
  [1m[35m (8.9ms)[0m  [1m[34mSELECT "schema_migrations"."version" FROM "schema_migrations" ORDER BY "schema_migrations"."version" ASC[0m
  [1m[36mActiveRecord::InternalMetadata Load (0.4ms)[0m  [1m[34mSELECT  "ar_internal_metadata".* FROM "ar_internal_metadata" WHERE "ar_internal_metadata"."key" = $1 LIMIT $2[0m  [["key", "environment"], ["LIMIT", 1]]
  [1m[35m (0.2ms)[0m  [1m[35mBEGIN[0m
  [1m[35m (0.2ms)[0m  [1m[35mCOMMIT[0m
  [1m[35m (0.4ms)[0m  [1m[34mSELECT pg_advisory_unlock(5181917507984287665)[0m
  [1m[35m (0.3ms)[0m  [1m[34mSELECT "schema_migrations"."version" FROM "schema_migrations" ORDER BY "schema_migrations"."version" ASC[0m
  [1m[35m (6.8ms)[0m  [1m[34mSELECT pg_try_advisory_lock(5181917507984287665);[0m
  [1m[35m (3.8ms)[0m  [1m[34mSELECT "schema_migrations"."version" FROM "schema_migrations" ORDER BY "schema_migrations"."version" ASC[0m
  [1m[36mActiveRecord::InternalMetadata Load (6.7ms)[0m  [1m[34mSELECT  "ar_internal_metadata".* FROM "ar_internal_metadata" WHERE "ar_internal_metadata"."key" = $1 LIMIT $2[0m  [["key", "environment"], ["LIMIT", 1]]
  [1m[35m (0.2ms)[0m  [1m[35mBEGIN[0m
  [1m[35m (0.1ms)[0m  [1m[35mCOMMIT[0m
  [1m[35m (0.3ms)[0m  [1m[34mSELECT pg_advisory_unlock(5181917507984287665)[0m
  [1m[35m (0.4ms)[0m  [1m[34mSELECT "schema_migrations"."version" FROM "schema_migrations" ORDER BY "schema_migrations"."version" ASC[0m
  [1m[35m (1.5ms)[0m  [1m[34mSELECT "schema_migrations"."version" FROM "schema_migrations" ORDER BY "schema_migrations"."version" ASC[0m
  [1m[35m (0.5ms)[0m  [1m[34mSELECT "ar_internal_metadata"."value" FROM "ar_internal_metadata" WHERE "ar_internal_metadata"."key" = $1[0m  [["key", "environment"]]
  [1m[35m (0.3ms)[0m  [1m[34mSELECT "schema_migrations"."version" FROM "schema_migrations" ORDER BY "schema_migrations"."version" ASC[0m
  [1m[35m (0.2ms)[0m  [1m[34mSELECT "ar_internal_metadata"."value" FROM "ar_internal_metadata" WHERE "ar_internal_metadata"."key" = $1[0m  [["key", "environment"]]
  [1m[35m (0.3ms)[0m  [1m[34mSELECT "schema_migrations"."version" FROM "schema_migrations" ORDER BY "schema_migrations"."version" ASC[0m
  [1m[35m (0.2ms)[0m  [1m[34mSELECT "ar_internal_metadata"."value" FROM "ar_internal_metadata" WHERE "ar_internal_metadata"."key" = $1[0m  [["key", "environment"]]
  [1m[35m (288.2ms)[0m  [1m[35mDROP DATABASE IF EXISTS "gayllery_development"[0m
  [1m[35m (198.8ms)[0m  [1m[35mDROP DATABASE IF EXISTS "gayllery_test"[0m
  [1m[35m (48.7ms)[0m  [1m[35mCREATE TABLE "schema_migrations" ("version" character varying NOT NULL PRIMARY KEY)[0m
  [1m[35m (22.9ms)[0m  [1m[35mCREATE TABLE "ar_internal_metadata" ("key" character varying NOT NULL PRIMARY KEY, "value" character varying, "created_at" timestamp NOT NULL, "updated_at" timestamp NOT NULL)[0m
  [1m[35m (17.6ms)[0m  [1m[34mSELECT pg_try_advisory_lock(5181917507984287665);[0m
  [1m[35m (1.0ms)[0m  [1m[34mSELECT "schema_migrations"."version" FROM "schema_migrations" ORDER BY "schema_migrations"."version" ASC[0m
Migrating to CreateImages (20170613171945)
  [1m[35m (0.6ms)[0m  [1m[35mBEGIN[0m
  [1m[35m (38.7ms)[0m  [1m[35mCREATE TABLE "images" ("id" bigserial primary key, "name" character varying, "description" text, "src" character varying, "created_at" timestamp NOT NULL, "updated_at" timestamp NOT NULL)[0m
  [1m[35mSQL (0.6ms)[0m  [1m[32mINSERT INTO "schema_migrations" ("version") VALUES ($1) RETURNING "version"[0m  [["version", "20170613171945"]]
  [1m[35m (0.5ms)[0m  [1m[35mCOMMIT[0m
Migrating to CreateCollections (20170613182119)
  [1m[35m (5.8ms)[0m  [1m[35mBEGIN[0m
  [1m[35m (20.1ms)[0m  [1m[35mCREATE TABLE "collections" ("id" bigserial primary key, "name" character varying, "description" text, "created_at" timestamp NOT NULL, "updated_at" timestamp NOT NULL)[0m
  [1m[35mSQL (0.4ms)[0m  [1m[32mINSERT INTO "schema_migrations" ("version") VALUES ($1) RETURNING "version"[0m  [["version", "20170613182119"]]
  [1m[35m (0.4ms)[0m  [1m[35mCOMMIT[0m
Migrating to CreateUsers (20170613182842)
  [1m[35m (24.6ms)[0m  [1m[35mBEGIN[0m
  [1m[35m (19.2ms)[0m  [1m[35mCREATE TABLE "users" ("id" bigserial primary key, "firstName" character varying, "lastName" character varying, "created_at" timestamp NOT NULL, "updated_at" timestamp NOT NULL)[0m
  [1m[35mSQL (0.8ms)[0m  [1m[32mINSERT INTO "schema_migrations" ("version") VALUES ($1) RETURNING "version"[0m  [["version", "20170613182842"]]
  [1m[35m (0.5ms)[0m  [1m[35mCOMMIT[0m
  [1m[36mActiveRecord::InternalMetadata Load (0.8ms)[0m  [1m[34mSELECT  "ar_internal_metadata".* FROM "ar_internal_metadata" WHERE "ar_internal_metadata"."key" = $1 LIMIT $2[0m  [["key", "environment"], ["LIMIT", 1]]
  [1m[35m (0.7ms)[0m  [1m[35mBEGIN[0m
  [1m[35mSQL (9.1ms)[0m  [1m[32mINSERT INTO "ar_internal_metadata" ("key", "value", "created_at", "updated_at") VALUES ($1, $2, $3, $4) RETURNING "key"[0m  [["key", "environment"], ["value", "development"], ["created_at", "2017-06-13 20:22:19.254222"], ["updated_at", "2017-06-13 20:22:19.254222"]]
  [1m[35m (15.8ms)[0m  [1m[35mCOMMIT[0m
  [1m[35m (0.6ms)[0m  [1m[34mSELECT pg_advisory_unlock(5181917507984287665)[0m
  [1m[35m (18.2ms)[0m  [1m[34mSELECT "schema_migrations"."version" FROM "schema_migrations" ORDER BY "schema_migrations"."version" ASC[0m
  [1m[35m (0.3ms)[0m  [1m[34mSELECT pg_try_advisory_lock(5181917507984287665);[0m
  [1m[35m (8.2ms)[0m  [1m[34mSELECT "schema_migrations"."version" FROM "schema_migrations" ORDER BY "schema_migrations"."version" ASC[0m
Migrating to AddUserToImages (20170613194031)
  [1m[35m (0.2ms)[0m  [1m[35mBEGIN[0m
  [1m[35m (43.4ms)[0m  [1m[35mALTER TABLE "images" ADD "user_id" bigint[0m
  [1m[35m (15.5ms)[0m  [1m[35mCREATE  INDEX  "index_images_on_user_id" ON "images"  ("user_id")[0m
  [1m[35mSQL (0.6ms)[0m  [1m[32mINSERT INTO "schema_migrations" ("version") VALUES ($1) RETURNING "version"[0m  [["version", "20170613194031"]]
  [1m[35m (14.3ms)[0m  [1m[35mCOMMIT[0m
Migrating to AddUserToCollections (20170613194041)
  [1m[35m (0.2ms)[0m  [1m[35mBEGIN[0m
  [1m[35m (0.4ms)[0m  [1m[35mALTER TABLE "collections" ADD "user_id" bigint[0m
  [1m[35m (6.8ms)[0m  [1m[35mCREATE  INDEX  "index_collections_on_user_id" ON "collections"  ("user_id")[0m
  [1m[35mSQL (0.4ms)[0m  [1m[32mINSERT INTO "schema_migrations" ("version") VALUES ($1) RETURNING "version"[0m  [["version", "20170613194041"]]
  [1m[35m (6.2ms)[0m  [1m[35mCOMMIT[0m
  [1m[36mActiveRecord::InternalMetadata Load (1.3ms)[0m  [1m[34mSELECT  "ar_internal_metadata".* FROM "ar_internal_metadata" WHERE "ar_internal_metadata"."key" = $1 LIMIT $2[0m  [["key", "environment"], ["LIMIT", 1]]
  [1m[35m (0.2ms)[0m  [1m[35mBEGIN[0m
  [1m[35m (0.3ms)[0m  [1m[35mCOMMIT[0m
  [1m[35m (0.5ms)[0m  [1m[34mSELECT pg_advisory_unlock(5181917507984287665)[0m
  [1m[35m (0.3ms)[0m  [1m[34mSELECT "schema_migrations"."version" FROM "schema_migrations" ORDER BY "schema_migrations"."version" ASC[0m
  [1m[35m (7.7ms)[0m  [1m[34mSELECT "schema_migrations"."version" FROM "schema_migrations" ORDER BY "schema_migrations"."version" ASC[0m
  [1m[35m (0.2ms)[0m  [1m[35mBEGIN[0m
  [1m[35mSQL (59.9ms)[0m  [1m[32mINSERT INTO "users" ("firstName", "lastName", "created_at", "updated_at") VALUES ($1, $2, $3, $4) RETURNING "id"[0m  [["firstName", "John"], ["lastName", "Smith"], ["created_at", "2017-06-13 20:24:53.704398"], ["updated_at", "2017-06-13 20:24:53.704398"]]
  [1m[35m (2.6ms)[0m  [1m[35mCOMMIT[0m
  [1m[35m (0.2ms)[0m  [1m[35mBEGIN[0m
  [1m[35mSQL (0.5ms)[0m  [1m[32mINSERT INTO "users" ("firstName", "lastName", "created_at", "updated_at") VALUES ($1, $2, $3, $4) RETURNING "id"[0m  [["firstName", "John"], ["lastName", "Smith"], ["created_at", "2017-06-13 20:24:53.772707"], ["updated_at", "2017-06-13 20:24:53.772707"]]
  [1m[35m (0.6ms)[0m  [1m[35mCOMMIT[0m
  [1m[35m (0.3ms)[0m  [1m[35mBEGIN[0m
  [1m[35mSQL (0.6ms)[0m  [1m[32mINSERT INTO "users" ("firstName", "lastName", "created_at", "updated_at") VALUES ($1, $2, $3, $4) RETURNING "id"[0m  [["firstName", "John"], ["lastName", "Smith"], ["created_at", "2017-06-13 20:24:53.776617"], ["updated_at", "2017-06-13 20:24:53.776617"]]
  [1m[35m (0.8ms)[0m  [1m[35mCOMMIT[0m
  [1m[35m (0.2ms)[0m  [1m[35mBEGIN[0m
  [1m[35mSQL (0.5ms)[0m  [1m[32mINSERT INTO "users" ("firstName", "lastName", "created_at", "updated_at") VALUES ($1, $2, $3, $4) RETURNING "id"[0m  [["firstName", "John"], ["lastName", "Smith"], ["created_at", "2017-06-13 20:24:53.780436"], ["updated_at", "2017-06-13 20:24:53.780436"]]
  [1m[35m (0.9ms)[0m  [1m[35mCOMMIT[0m
  [1m[35m (0.2ms)[0m  [1m[35mBEGIN[0m
  [1m[35mSQL (0.3ms)[0m  [1m[32mINSERT INTO "users" ("firstName", "lastName", "created_at", "updated_at") VALUES ($1, $2, $3, $4) RETURNING "id"[0m  [["firstName", "John"], ["lastName", "Smith"], ["created_at", "2017-06-13 20:24:53.783681"], ["updated_at", "2017-06-13 20:24:53.783681"]]
  [1m[35m (0.3ms)[0m  [1m[35mCOMMIT[0m
  [1m[35m (0.1ms)[0m  [1m[35mBEGIN[0m
  [1m[35mSQL (0.3ms)[0m  [1m[32mINSERT INTO "users" ("firstName", "lastName", "created_at", "updated_at") VALUES ($1, $2, $3, $4) RETURNING "id"[0m  [["firstName", "John"], ["lastName", "Smith"], ["created_at", "2017-06-13 20:24:53.786206"], ["updated_at", "2017-06-13 20:24:53.786206"]]
  [1m[35m (0.3ms)[0m  [1m[35mCOMMIT[0m
  [1m[35m (0.1ms)[0m  [1m[35mBEGIN[0m
  [1m[35mSQL (0.4ms)[0m  [1m[32mINSERT INTO "users" ("firstName", "lastName", "created_at", "updated_at") VALUES ($1, $2, $3, $4) RETURNING "id"[0m  [["firstName", "John"], ["lastName", "Smith"], ["created_at", "2017-06-13 20:24:53.788587"], ["updated_at", "2017-06-13 20:24:53.788587"]]
  [1m[35m (1.3ms)[0m  [1m[35mCOMMIT[0m
  [1m[35m (0.2ms)[0m  [1m[35mBEGIN[0m
  [1m[35mSQL (0.4ms)[0m  [1m[32mINSERT INTO "users" ("firstName", "lastName", "created_at", "updated_at") VALUES ($1, $2, $3, $4) RETURNING "id"[0m  [["firstName", "John"], ["lastName", "Smith"], ["created_at", "2017-06-13 20:24:53.792342"], ["updated_at", "2017-06-13 20:24:53.792342"]]
  [1m[35m (1.3ms)[0m  [1m[35mCOMMIT[0m
  [1m[35m (0.3ms)[0m  [1m[35mBEGIN[0m
  [1m[35mSQL (0.4ms)[0m  [1m[32mINSERT INTO "users" ("firstName", "lastName", "created_at", "updated_at") VALUES ($1, $2, $3, $4) RETURNING "id"[0m  [["firstName", "John"], ["lastName", "Smith"], ["created_at", "2017-06-13 20:24:53.796368"], ["updated_at", "2017-06-13 20:24:53.796368"]]
  [1m[35m (1.2ms)[0m  [1m[35mCOMMIT[0m
  [1m[35m (0.2ms)[0m  [1m[35mBEGIN[0m
  [1m[35mSQL (0.4ms)[0m  [1m[32mINSERT INTO "users" ("firstName", "lastName", "created_at", "updated_at") VALUES ($1, $2, $3, $4) RETURNING "id"[0m  [["firstName", "John"], ["lastName", "Smith"], ["created_at", "2017-06-13 20:24:53.800317"], ["updated_at", "2017-06-13 20:24:53.800317"]]
  [1m[35m (1.3ms)[0m  [1m[35mCOMMIT[0m
  [1m[35m (0.2ms)[0m  [1m[35mBEGIN[0m
  [1m[35m (6.7ms)[0m  [1m[31mROLLBACK[0m
  [1m[35m (1.7ms)[0m  [1m[34mSELECT "schema_migrations"."version" FROM "schema_migrations" ORDER BY "schema_migrations"."version" ASC[0m
  [1m[35m (0.2ms)[0m  [1m[35mBEGIN[0m
  [1m[35mSQL (30.7ms)[0m  [1m[32mINSERT INTO "users" ("firstName", "lastName", "created_at", "updated_at") VALUES ($1, $2, $3, $4) RETURNING "id"[0m  [["firstName", "John"], ["lastName", "Smith"], ["created_at", "2017-06-13 20:28:16.658595"], ["updated_at", "2017-06-13 20:28:16.658595"]]
  [1m[35m (1.1ms)[0m  [1m[35mCOMMIT[0m
  [1m[35m (0.1ms)[0m  [1m[35mBEGIN[0m
  [1m[35mSQL (1.4ms)[0m  [1m[32mINSERT INTO "users" ("firstName", "lastName", "created_at", "updated_at") VALUES ($1, $2, $3, $4) RETURNING "id"[0m  [["firstName", "John"], ["lastName", "Smith"], ["created_at", "2017-06-13 20:28:16.693250"], ["updated_at", "2017-06-13 20:28:16.693250"]]
  [1m[35m (0.3ms)[0m  [1m[35mCOMMIT[0m
  [1m[35m (0.1ms)[0m  [1m[35mBEGIN[0m
  [1m[35mSQL (0.5ms)[0m  [1m[32mINSERT INTO "users" ("firstName", "lastName", "created_at", "updated_at") VALUES ($1, $2, $3, $4) RETURNING "id"[0m  [["firstName", "John"], ["lastName", "Smith"], ["created_at", "2017-06-13 20:28:16.696534"], ["updated_at", "2017-06-13 20:28:16.696534"]]
  [1m[35m (0.8ms)[0m  [1m[35mCOMMIT[0m
  [1m[35m (0.4ms)[0m  [1m[35mBEGIN[0m
  [1m[35mSQL (0.4ms)[0m  [1m[32mINSERT INTO "users" ("firstName", "lastName", "created_at", "updated_at") VALUES ($1, $2, $3, $4) RETURNING "id"[0m  [["firstName", "John"], ["lastName", "Smith"], ["created_at", "2017-06-13 20:28:16.700608"], ["updated_at", "2017-06-13 20:28:16.700608"]]
  [1m[35m (0.4ms)[0m  [1m[35mCOMMIT[0m
  [1m[35m (0.1ms)[0m  [1m[35mBEGIN[0m
  [1m[35mSQL (0.3ms)[0m  [1m[32mINSERT INTO "users" ("firstName", "lastName", "created_at", "updated_at") VALUES ($1, $2, $3, $4) RETURNING "id"[0m  [["firstName", "John"], ["lastName", "Smith"], ["created_at", "2017-06-13 20:28:16.703332"], ["updated_at", "2017-06-13 20:28:16.703332"]]
  [1m[35m (0.4ms)[0m  [1m[35mCOMMIT[0m
  [1m[35m (0.1ms)[0m  [1m[35mBEGIN[0m
  [1m[35mSQL (0.3ms)[0m  [1m[32mINSERT INTO "users" ("firstName", "lastName", "created_at", "updated_at") VALUES ($1, $2, $3, $4) RETURNING "id"[0m  [["firstName", "John"], ["lastName", "Smith"], ["created_at", "2017-06-13 20:28:16.705366"], ["updated_at", "2017-06-13 20:28:16.705366"]]
  [1m[35m (0.4ms)[0m  [1m[35mCOMMIT[0m
  [1m[35m (0.1ms)[0m  [1m[35mBEGIN[0m
  [1m[35mSQL (0.3ms)[0m  [1m[32mINSERT INTO "users" ("firstName", "lastName", "created_at", "updated_at") VALUES ($1, $2, $3, $4) RETURNING "id"[0m  [["firstName", "John"], ["lastName", "Smith"], ["created_at", "2017-06-13 20:28:16.707518"], ["updated_at", "2017-06-13 20:28:16.707518"]]
  [1m[35m (0.4ms)[0m  [1m[35mCOMMIT[0m
  [1m[35m (0.1ms)[0m  [1m[35mBEGIN[0m
  [1m[35mSQL (0.3ms)[0m  [1m[32mINSERT INTO "users" ("firstName", "lastName", "created_at", "updated_at") VALUES ($1, $2, $3, $4) RETURNING "id"[0m  [["firstName", "John"], ["lastName", "Smith"], ["created_at", "2017-06-13 20:28:16.709701"], ["updated_at", "2017-06-13 20:28:16.709701"]]
  [1m[35m (0.4ms)[0m  [1m[35mCOMMIT[0m
  [1m[35m (0.1ms)[0m  [1m[35mBEGIN[0m
  [1m[35mSQL (0.3ms)[0m  [1m[32mINSERT INTO "users" ("firstName", "lastName", "created_at", "updated_at") VALUES ($1, $2, $3, $4) RETURNING "id"[0m  [["firstName", "John"], ["lastName", "Smith"], ["created_at", "2017-06-13 20:28:16.711861"], ["updated_at", "2017-06-13 20:28:16.711861"]]
  [1m[35m (0.3ms)[0m  [1m[35mCOMMIT[0m
  [1m[35m (0.1ms)[0m  [1m[35mBEGIN[0m
  [1m[35mSQL (0.3ms)[0m  [1m[32mINSERT INTO "users" ("firstName", "lastName", "created_at", "updated_at") VALUES ($1, $2, $3, $4) RETURNING "id"[0m  [["firstName", "John"], ["lastName", "Smith"], ["created_at", "2017-06-13 20:28:16.713915"], ["updated_at", "2017-06-13 20:28:16.713915"]]
  [1m[35m (0.3ms)[0m  [1m[35mCOMMIT[0m
  [1m[35m (0.2ms)[0m  [1m[35mBEGIN[0m
  [1m[35mSQL (44.7ms)[0m  [1m[32mINSERT INTO "collections" ("name", "description", "created_at", "updated_at") VALUES ($1, $2, $3, $4) RETURNING "id"[0m  [["name", "collection"], ["description", "This is a test collection"], ["created_at", "2017-06-13 20:28:16.740057"], ["updated_at", "2017-06-13 20:28:16.740057"]]
  [1m[35m (4.9ms)[0m  [1m[35mCOMMIT[0m
  [1m[35m (0.3ms)[0m  [1m[35mBEGIN[0m
  [1m[35mSQL (0.8ms)[0m  [1m[32mINSERT INTO "collections" ("name", "description", "created_at", "updated_at") VALUES ($1, $2, $3, $4) RETURNING "id"[0m  [["name", "collection"], ["description", "This is a test collection"], ["created_at", "2017-06-13 20:28:16.792203"], ["updated_at", "2017-06-13 20:28:16.792203"]]
  [1m[35m (0.5ms)[0m  [1m[35mCOMMIT[0m
  [1m[35m (0.1ms)[0m  [1m[35mBEGIN[0m
  [1m[35mSQL (0.4ms)[0m  [1m[32mINSERT INTO "collections" ("name", "description", "created_at", "updated_at") VALUES ($1, $2, $3, $4) RETURNING "id"[0m  [["name", "collection"], ["description", "This is a test collection"], ["created_at", "2017-06-13 20:28:16.795941"], ["updated_at", "2017-06-13 20:28:16.795941"]]
  [1m[35m (0.4ms)[0m  [1m[35mCOMMIT[0m
  [1m[35m (0.2ms)[0m  [1m[35mBEGIN[0m
  [1m[35mSQL (0.4ms)[0m  [1m[32mINSERT INTO "collections" ("name", "description", "created_at", "updated_at") VALUES ($1, $2, $3, $4) RETURNING "id"[0m  [["name", "collection"], ["description", "This is a test collection"], ["created_at", "2017-06-13 20:28:16.798816"], ["updated_at", "2017-06-13 20:28:16.798816"]]
  [1m[35m (0.3ms)[0m  [1m[35mCOMMIT[0m
  [1m[35m (0.1ms)[0m  [1m[35mBEGIN[0m
  [1m[35mSQL (0.3ms)[0m  [1m[32mINSERT INTO "collections" ("name", "description", "created_at", "updated_at") VALUES ($1, $2, $3, $4) RETURNING "id"[0m  [["name", "collection"], ["description", "This is a test collection"], ["created_at", "2017-06-13 20:28:16.801339"], ["updated_at", "2017-06-13 20:28:16.801339"]]
  [1m[35m (0.4ms)[0m  [1m[35mCOMMIT[0m
  [1m[35m (0.1ms)[0m  [1m[35mBEGIN[0m
  [1m[35mSQL (0.3ms)[0m  [1m[32mINSERT INTO "collections" ("name", "description", "created_at", "updated_at") VALUES ($1, $2, $3, $4) RETURNING "id"[0m  [["name", "collection"], ["description", "This is a test collection"], ["created_at", "2017-06-13 20:28:16.803598"], ["updated_at", "2017-06-13 20:28:16.803598"]]
  [1m[35m (0.4ms)[0m  [1m[35mCOMMIT[0m
  [1m[35m (0.1ms)[0m  [1m[35mBEGIN[0m
  [1m[35mSQL (0.3ms)[0m  [1m[32mINSERT INTO "collections" ("name", "description", "created_at", "updated_at") VALUES ($1, $2, $3, $4) RETURNING "id"[0m  [["name", "collection"], ["description", "This is a test collection"], ["created_at", "2017-06-13 20:28:16.805942"], ["updated_at", "2017-06-13 20:28:16.805942"]]
  [1m[35m (0.3ms)[0m  [1m[35mCOMMIT[0m
  [1m[35m (0.1ms)[0m  [1m[35mBEGIN[0m
  [1m[35mSQL (0.3ms)[0m  [1m[32mINSERT INTO "collections" ("name", "description", "created_at", "updated_at") VALUES ($1, $2, $3, $4) RETURNING "id"[0m  [["name", "collection"], ["description", "This is a test collection"], ["created_at", "2017-06-13 20:28:16.808255"], ["updated_at", "2017-06-13 20:28:16.808255"]]
  [1m[35m (0.3ms)[0m  [1m[35mCOMMIT[0m
  [1m[35m (0.1ms)[0m  [1m[35mBEGIN[0m
  [1m[35mSQL (0.3ms)[0m  [1m[32mINSERT INTO "collections" ("name", "description", "created_at", "updated_at") VALUES ($1, $2, $3, $4) RETURNING "id"[0m  [["name", "collection"], ["description", "This is a test collection"], ["created_at", "2017-06-13 20:28:16.810413"], ["updated_at", "2017-06-13 20:28:16.810413"]]
  [1m[35m (0.4ms)[0m  [1m[35mCOMMIT[0m
  [1m[35m (0.1ms)[0m  [1m[35mBEGIN[0m
  [1m[35mSQL (0.3ms)[0m  [1m[32mINSERT INTO "collections" ("name", "description", "created_at", "updated_at") VALUES ($1, $2, $3, $4) RETURNING "id"[0m  [["name", "collection"], ["description", "This is a test collection"], ["created_at", "2017-06-13 20:28:16.812521"], ["updated_at", "2017-06-13 20:28:16.812521"]]
  [1m[35m (0.3ms)[0m  [1m[35mCOMMIT[0m
  [1m[35m (0.2ms)[0m  [1m[35mBEGIN[0m
  [1m[35mSQL (8.5ms)[0m  [1m[32mINSERT INTO "images" ("name", "description", "src", "created_at", "updated_at") VALUES ($1, $2, $3, $4, $5) RETURNING "id"[0m  [["name", "image"], ["description", "This is a test image"], ["src", "http://via.placeholder.com/350x350\n"], ["created_at", "2017-06-13 20:28:16.830678"], ["updated_at", "2017-06-13 20:28:16.830678"]]
  [1m[35m (0.4ms)[0m  [1m[35mCOMMIT[0m
  [1m[35m (0.2ms)[0m  [1m[35mBEGIN[0m
  [1m[35mSQL (0.4ms)[0m  [1m[32mINSERT INTO "images" ("name", "description", "src", "created_at", "updated_at") VALUES ($1, $2, $3, $4, $5) RETURNING "id"[0m  [["name", "image"], ["description", "This is a test image"], ["src", "http://via.placeholder.com/350x350\n"], ["created_at", "2017-06-13 20:28:16.842008"], ["updated_at", "2017-06-13 20:28:16.842008"]]
  [1m[35m (0.4ms)[0m  [1m[35mCOMMIT[0m
  [1m[35m (0.1ms)[0m  [1m[35mBEGIN[0m
  [1m[35mSQL (1.8ms)[0m  [1m[32mINSERT INTO "images" ("name", "description", "src", "created_at", "updated_at") VALUES ($1, $2, $3, $4, $5) RETURNING "id"[0m  [["name", "image"], ["description", "This is a test image"], ["src", "http://via.placeholder.com/350x350\n"], ["created_at", "2017-06-13 20:28:16.844433"], ["updated_at", "2017-06-13 20:28:16.844433"]]
  [1m[35m (0.4ms)[0m  [1m[35mCOMMIT[0m
  [1m[35m (0.3ms)[0m  [1m[35mBEGIN[0m
  [1m[35mSQL (0.4ms)[0m  [1m[32mINSERT INTO "images" ("name", "description", "src", "created_at", "updated_at") VALUES ($1, $2, $3, $4, $5) RETURNING "id"[0m  [["name", "image"], ["description", "This is a test image"], ["src", "http://via.placeholder.com/350x350\n"], ["created_at", "2017-06-13 20:28:16.848892"], ["updated_at", "2017-06-13 20:28:16.848892"]]
  [1m[35m (0.4ms)[0m  [1m[35mCOMMIT[0m
  [1m[35m (0.1ms)[0m  [1m[35mBEGIN[0m
  [1m[35mSQL (0.4ms)[0m  [1m[32mINSERT INTO "images" ("name", "description", "src", "created_at", "updated_at") VALUES ($1, $2, $3, $4, $5) RETURNING "id"[0m  [["name", "image"], ["description", "This is a test image"], ["src", "http://via.placeholder.com/350x350\n"], ["created_at", "2017-06-13 20:28:16.851782"], ["updated_at", "2017-06-13 20:28:16.851782"]]
  [1m[35m (0.7ms)[0m  [1m[35mCOMMIT[0m
  [1m[35m (0.1ms)[0m  [1m[35mBEGIN[0m
  [1m[35mSQL (0.4ms)[0m  [1m[32mINSERT INTO "images" ("name", "description", "src", "created_at", "updated_at") VALUES ($1, $2, $3, $4, $5) RETURNING "id"[0m  [["name", "image"], ["description", "This is a test image"], ["src", "http://via.placeholder.com/350x350\n"], ["created_at", "2017-06-13 20:28:16.854977"], ["updated_at", "2017-06-13 20:28:16.854977"]]
  [1m[35m (0.4ms)[0m  [1m[35mCOMMIT[0m
  [1m[35m (0.1ms)[0m  [1m[35mBEGIN[0m
  [1m[35mSQL (0.3ms)[0m  [1m[32mINSERT INTO "images" ("name", "description", "src", "created_at", "updated_at") VALUES ($1, $2, $3, $4, $5) RETURNING "id"[0m  [["name", "image"], ["description", "This is a test image"], ["src", "http://via.placeholder.com/350x350\n"], ["created_at", "2017-06-13 20:28:16.857311"], ["updated_at", "2017-06-13 20:28:16.857311"]]
  [1m[35m (0.3ms)[0m  [1m[35mCOMMIT[0m
  [1m[35m (0.1ms)[0m  [1m[35mBEGIN[0m
  [1m[35mSQL (0.3ms)[0m  [1m[32mINSERT INTO "images" ("name", "description", "src", "created_at", "updated_at") VALUES ($1, $2, $3, $4, $5) RETURNING "id"[0m  [["name", "image"], ["description", "This is a test image"], ["src", "http://via.placeholder.com/350x350\n"], ["created_at", "2017-06-13 20:28:16.859348"], ["updated_at", "2017-06-13 20:28:16.859348"]]
  [1m[35m (0.3ms)[0m  [1m[35mCOMMIT[0m
  [1m[35m (0.1ms)[0m  [1m[35mBEGIN[0m
  [1m[35mSQL (0.3ms)[0m  [1m[32mINSERT INTO "images" ("name", "description", "src", "created_at", "updated_at") VALUES ($1, $2, $3, $4, $5) RETURNING "id"[0m  [["name", "image"], ["description", "This is a test image"], ["src", "http://via.placeholder.com/350x350\n"], ["created_at", "2017-06-13 20:28:16.861363"], ["updated_at", "2017-06-13 20:28:16.861363"]]
  [1m[35m (0.3ms)[0m  [1m[35mCOMMIT[0m
  [1m[35m (0.1ms)[0m  [1m[35mBEGIN[0m
  [1m[35mSQL (0.3ms)[0m  [1m[32mINSERT INTO "images" ("name", "description", "src", "created_at", "updated_at") VALUES ($1, $2, $3, $4, $5) RETURNING "id"[0m  [["name", "image"], ["description", "This is a test image"], ["src", "http://via.placeholder.com/350x350\n"], ["created_at", "2017-06-13 20:28:16.863366"], ["updated_at", "2017-06-13 20:28:16.863366"]]
  [1m[35m (0.3ms)[0m  [1m[35mCOMMIT[0m
  [1m[35m (13.3ms)[0m  [1m[34mSELECT pg_try_advisory_lock(5181917507984287665);[0m
  [1m[35m (33.8ms)[0m  [1m[34mSELECT "schema_migrations"."version" FROM "schema_migrations" ORDER BY "schema_migrations"."version" ASC[0m
Migrating to AddCollectionsToImages (20170613204100)
  [1m[35m (0.3ms)[0m  [1m[35mBEGIN[0m
  [1m[35m (92.8ms)[0m  [1m[35mALTER TABLE "images" ADD "collections_id" bigint[0m
  [1m[35m (21.1ms)[0m  [1m[35mCREATE  INDEX  "index_images_on_collections_id" ON "images"  ("collections_id")[0m
  [1m[35mSQL (2.1ms)[0m  [1m[32mINSERT INTO "schema_migrations" ("version") VALUES ($1) RETURNING "version"[0m  [["version", "20170613204100"]]
  [1m[35m (10.6ms)[0m  [1m[35mCOMMIT[0m
  [1m[36mActiveRecord::InternalMetadata Load (17.3ms)[0m  [1m[34mSELECT  "ar_internal_metadata".* FROM "ar_internal_metadata" WHERE "ar_internal_metadata"."key" = $1 LIMIT $2[0m  [["key", "environment"], ["LIMIT", 1]]
  [1m[35m (0.2ms)[0m  [1m[35mBEGIN[0m
  [1m[35m (0.1ms)[0m  [1m[35mCOMMIT[0m
  [1m[35m (0.3ms)[0m  [1m[34mSELECT pg_advisory_unlock(5181917507984287665)[0m
  [1m[35m (0.2ms)[0m  [1m[34mSELECT "schema_migrations"."version" FROM "schema_migrations" ORDER BY "schema_migrations"."version" ASC[0m
Started GET "/" for 127.0.0.1 at 2017-06-13 22:30:13 -0400
  [1m[35m (7.6ms)[0m  [1m[34mSELECT "schema_migrations"."version" FROM "schema_migrations" ORDER BY "schema_migrations"."version" ASC[0m
Processing by Rails::WelcomeController#index as HTML
  Rendering /Users/student/.rvm/gems/ruby-2.4.0/gems/railties-5.1.1/lib/rails/templates/rails/welcome/index.html.erb
  Rendered /Users/student/.rvm/gems/ruby-2.4.0/gems/railties-5.1.1/lib/rails/templates/rails/welcome/index.html.erb (16.0ms)
Completed 200 OK in 46ms (Views: 26.3ms | ActiveRecord: 0.0ms)


Started GET "/api/v1/collections.json" for 127.0.0.1 at 2017-06-13 22:30:52 -0400
  
SyntaxError (/Users/student/GA/projects/unit04/amateur-hour/gayllery/app/controllers/api/v1/collections_controller.rb:12: syntax error, unexpected tIDENTIFIER, expecting keyword_end
.find(params["id"]) collection.update_attributes(collection_
                              ^
/Users/student/GA/projects/unit04/amateur-hour/gayllery/app/controllers/api/v1/collections_controller.rb:12: syntax error, unexpected tIDENTIFIER, expecting keyword_end
ollection_params) respond_with collection, json: collection
                              ^):
  
app/controllers/api/v1/collections_controller.rb:12: syntax error, unexpected tIDENTIFIER, expecting keyword_end
app/controllers/api/v1/collections_controller.rb:12: syntax error, unexpected tIDENTIFIER, expecting keyword_end
Started GET "/api/v1/collection.json" for 127.0.0.1 at 2017-06-13 22:54:58 -0400
  
ActionController::RoutingError (No route matches [GET] "/api/v1/collection.json"):
  
actionpack (5.1.1) lib/action_dispatch/middleware/debug_exceptions.rb:63:in `call'
web-console (3.5.1) lib/web_console/middleware.rb:135:in `call_app'
web-console (3.5.1) lib/web_console/middleware.rb:28:in `block in call'
web-console (3.5.1) lib/web_console/middleware.rb:18:in `catch'
web-console (3.5.1) lib/web_console/middleware.rb:18:in `call'
actionpack (5.1.1) lib/action_dispatch/middleware/show_exceptions.rb:31:in `call'
railties (5.1.1) lib/rails/rack/logger.rb:36:in `call_app'
railties (5.1.1) lib/rails/rack/logger.rb:24:in `block in call'
activesupport (5.1.1) lib/active_support/tagged_logging.rb:69:in `block in tagged'
activesupport (5.1.1) lib/active_support/tagged_logging.rb:26:in `tagged'
activesupport (5.1.1) lib/active_support/tagged_logging.rb:69:in `tagged'
railties (5.1.1) lib/rails/rack/logger.rb:24:in `call'
sprockets-rails (3.2.0) lib/sprockets/rails/quiet_assets.rb:13:in `call'
actionpack (5.1.1) lib/action_dispatch/middleware/remote_ip.rb:79:in `call'
actionpack (5.1.1) lib/action_dispatch/middleware/request_id.rb:25:in `call'
rack (2.0.3) lib/rack/method_override.rb:22:in `call'
rack (2.0.3) lib/rack/runtime.rb:22:in `call'
activesupport (5.1.1) lib/active_support/cache/strategy/local_cache_middleware.rb:27:in `call'
actionpack (5.1.1) lib/action_dispatch/middleware/executor.rb:12:in `call'
actionpack (5.1.1) lib/action_dispatch/middleware/static.rb:125:in `call'
rack (2.0.3) lib/rack/sendfile.rb:111:in `call'
railties (5.1.1) lib/rails/engine.rb:522:in `call'
puma (3.9.1) lib/puma/configuration.rb:224:in `call'
puma (3.9.1) lib/puma/server.rb:602:in `handle_request'
puma (3.9.1) lib/puma/server.rb:435:in `process_client'
puma (3.9.1) lib/puma/server.rb:299:in `block in run'
puma (3.9.1) lib/puma/thread_pool.rb:120:in `block in spawn_thread'
Started GET "/api/v1/collections.json" for 127.0.0.1 at 2017-06-13 22:55:35 -0400
  
SyntaxError (/Users/student/GA/projects/unit04/amateur-hour/gayllery/app/controllers/api/v1/collections_controller.rb:12: syntax error, unexpected tIDENTIFIER, expecting keyword_end
.find(params["id"]) collection.update_attributes(collection_
                              ^
/Users/student/GA/projects/unit04/amateur-hour/gayllery/app/controllers/api/v1/collections_controller.rb:12: syntax error, unexpected tIDENTIFIER, expecting keyword_end
ollection_params) respond_with collection, json: collection
                              ^):
  
app/controllers/api/v1/collections_controller.rb:12: syntax error, unexpected tIDENTIFIER, expecting keyword_end
app/controllers/api/v1/collections_controller.rb:12: syntax error, unexpected tIDENTIFIER, expecting keyword_end
Started GET "/api/v1/collections.json" for 127.0.0.1 at 2017-06-13 23:01:12 -0400
  
ActionController::RoutingError (uninitialized constant BaseController):
  
app/controllers/api/v1/collections_controller.rb:1:in `<top (required)>'
Started GET "/api/v1/collections.json" for 127.0.0.1 at 2017-06-13 23:03:48 -0400
  
SyntaxError (/Users/student/GA/projects/unit04/amateur-hour/gayllery/app/controllers/api/v1/base_controller.rb:5: unknown regexp options - www
/Users/student/GA/projects/unit04/amateur-hour/gayllery/app/controllers/api/v1/base_controller.rb:5: syntax error, unexpected keyword_and
-crud-interface-with-react-and-ruby-on-rails#oXhIu1LIU7iF6uP
                              ^):
  
app/controllers/api/v1/base_controller.rb:5: unknown regexp options - www
app/controllers/api/v1/base_controller.rb:5: syntax error, unexpected keyword_and
app/controllers/api/v1/collections_controller.rb:1:in `<top (required)>'
Started GET "/api/v1/collections.json" for 127.0.0.1 at 2017-06-13 23:04:53 -0400
Processing by Api::V1::CollectionsController#index as JSON
Completed 500 Internal Server Error in 59ms (ActiveRecord: 0.0ms)


  
NoMethodError (undefined method `protect_from_forgery' for ApplicationRecord(abstract):Class):
  
app/models/application_record.rb:3:in `<class:ApplicationRecord>'
app/models/application_record.rb:1:in `<top (required)>'
app/models/collection.rb:1:in `<top (required)>'
app/controllers/api/v1/collections_controller.rb:3:in `index'
Started GET "/api/v1/collections.json" for 127.0.0.1 at 2017-06-13 23:06:58 -0400
Processing by Api::V1::CollectionsController#index as JSON
  [1m[36mCollection Load (48.9ms)[0m  [1m[34mSELECT "collections".* FROM "collections"[0m
Completed 200 OK in 323ms (Views: 58.3ms | ActiveRecord: 169.4ms)


Started GET "/api/v1/images.json" for 127.0.0.1 at 2017-06-13 23:09:55 -0400
  
SyntaxError (/Users/student/GA/projects/unit04/amateur-hour/gayllery/app/controllers/api/v1/images_controller.rb:12: syntax error, unexpected tIDENTIFIER, expecting keyword_end
Image.find(params["id"]) image.update_attributes(image_param
                              ^
/Users/student/GA/projects/unit04/amateur-hour/gayllery/app/controllers/api/v1/images_controller.rb:12: syntax error, unexpected tIDENTIFIER, expecting keyword_end
tes(image_params) respond_with image, json: image
                              ^):
  
app/controllers/api/v1/images_controller.rb:12: syntax error, unexpected tIDENTIFIER, expecting keyword_end
app/controllers/api/v1/images_controller.rb:12: syntax error, unexpected tIDENTIFIER, expecting keyword_end
Started GET "/api/v1/images.json" for 127.0.0.1 at 2017-06-13 23:11:05 -0400
Processing by Api::V1::ImagesController#index as JSON
  [1m[36mImage Load (80.4ms)[0m  [1m[34mSELECT "images".* FROM "images"[0m
Completed 200 OK in 214ms (Views: 38.7ms | ActiveRecord: 142.6ms)


Started GET "/api/v1/users.json" for 127.0.0.1 at 2017-06-13 23:11:38 -0400
Processing by Api::V1::UsersController#index as JSON
  [1m[36mUser Load (18.7ms)[0m  [1m[34mSELECT "users".* FROM "users"[0m
Completed 200 OK in 95ms (Views: 29.1ms | ActiveRecord: 40.6ms)


Started GET "/api/v1/users/2.json" for 127.0.0.1 at 2017-06-14 08:52:23 -0400
  
AbstractController::ActionNotFound (The action 'show' could not be found for Api::V1::UsersController):
  
actionpack (5.1.1) lib/abstract_controller/base.rb:119:in `process'
actionview (5.1.1) lib/action_view/rendering.rb:30:in `process'
actionpack (5.1.1) lib/action_controller/metal.rb:189:in `dispatch'
actionpack (5.1.1) lib/action_controller/metal.rb:253:in `dispatch'
actionpack (5.1.1) lib/action_dispatch/routing/route_set.rb:49:in `dispatch'
actionpack (5.1.1) lib/action_dispatch/routing/route_set.rb:31:in `serve'
actionpack (5.1.1) lib/action_dispatch/journey/router.rb:46:in `block in serve'
actionpack (5.1.1) lib/action_dispatch/journey/router.rb:33:in `each'
actionpack (5.1.1) lib/action_dispatch/journey/router.rb:33:in `serve'
actionpack (5.1.1) lib/action_dispatch/routing/route_set.rb:832:in `call'
warden (1.2.7) lib/warden/manager.rb:36:in `block in call'
warden (1.2.7) lib/warden/manager.rb:35:in `catch'
warden (1.2.7) lib/warden/manager.rb:35:in `call'
rack (2.0.3) lib/rack/etag.rb:25:in `call'
rack (2.0.3) lib/rack/conditional_get.rb:25:in `call'
rack (2.0.3) lib/rack/head.rb:12:in `call'
rack (2.0.3) lib/rack/session/abstract/id.rb:232:in `context'
rack (2.0.3) lib/rack/session/abstract/id.rb:226:in `call'
actionpack (5.1.1) lib/action_dispatch/middleware/cookies.rb:613:in `call'
activerecord (5.1.1) lib/active_record/migration.rb:556:in `call'
actionpack (5.1.1) lib/action_dispatch/middleware/callbacks.rb:26:in `block in call'
activesupport (5.1.1) lib/active_support/callbacks.rb:97:in `run_callbacks'
actionpack (5.1.1) lib/action_dispatch/middleware/callbacks.rb:24:in `call'
actionpack (5.1.1) lib/action_dispatch/middleware/executor.rb:12:in `call'
actionpack (5.1.1) lib/action_dispatch/middleware/debug_exceptions.rb:59:in `call'
web-console (3.5.1) lib/web_console/middleware.rb:135:in `call_app'
web-console (3.5.1) lib/web_console/middleware.rb:28:in `block in call'
web-console (3.5.1) lib/web_console/middleware.rb:18:in `catch'
web-console (3.5.1) lib/web_console/middleware.rb:18:in `call'
actionpack (5.1.1) lib/action_dispatch/middleware/show_exceptions.rb:31:in `call'
railties (5.1.1) lib/rails/rack/logger.rb:36:in `call_app'
railties (5.1.1) lib/rails/rack/logger.rb:24:in `block in call'
activesupport (5.1.1) lib/active_support/tagged_logging.rb:69:in `block in tagged'
activesupport (5.1.1) lib/active_support/tagged_logging.rb:26:in `tagged'
activesupport (5.1.1) lib/active_support/tagged_logging.rb:69:in `tagged'
railties (5.1.1) lib/rails/rack/logger.rb:24:in `call'
sprockets-rails (3.2.0) lib/sprockets/rails/quiet_assets.rb:13:in `call'
actionpack (5.1.1) lib/action_dispatch/middleware/remote_ip.rb:79:in `call'
actionpack (5.1.1) lib/action_dispatch/middleware/request_id.rb:25:in `call'
rack (2.0.3) lib/rack/method_override.rb:22:in `call'
rack (2.0.3) lib/rack/runtime.rb:22:in `call'
activesupport (5.1.1) lib/active_support/cache/strategy/local_cache_middleware.rb:27:in `call'
actionpack (5.1.1) lib/action_dispatch/middleware/executor.rb:12:in `call'
actionpack (5.1.1) lib/action_dispatch/middleware/static.rb:125:in `call'
rack (2.0.3) lib/rack/sendfile.rb:111:in `call'
railties (5.1.1) lib/rails/engine.rb:522:in `call'
puma (3.9.1) lib/puma/configuration.rb:224:in `call'
puma (3.9.1) lib/puma/server.rb:602:in `handle_request'
puma (3.9.1) lib/puma/server.rb:435:in `process_client'
puma (3.9.1) lib/puma/server.rb:299:in `block in run'
puma (3.9.1) lib/puma/thread_pool.rb:120:in `block in spawn_thread'
Started GET "/api/v1/users.json" for 127.0.0.1 at 2017-06-14 08:53:37 -0400
Processing by Api::V1::UsersController#index as JSON
  [1m[36mUser Load (43.6ms)[0m  [1m[34mSELECT "users".* FROM "users"[0m
Completed 200 OK in 215ms (Views: 125.4ms | ActiveRecord: 43.6ms)


Started GET "/api/v1/images.json" for 127.0.0.1 at 2017-06-14 08:55:14 -0400
Processing by Api::V1::ImagesController#index as JSON
  [1m[36mImage Load (16.2ms)[0m  [1m[34mSELECT "images".* FROM "images"[0m
Completed 200 OK in 217ms (Views: 64.8ms | ActiveRecord: 16.2ms)


Started GET "/api/v1/collections.json" for 127.0.0.1 at 2017-06-14 08:56:37 -0400
Processing by Api::V1::CollectionsController#index as JSON
  [1m[36mCollection Load (14.3ms)[0m  [1m[34mSELECT "collections".* FROM "collections"[0m
Completed 200 OK in 235ms (Views: 51.6ms | ActiveRecord: 93.1ms)


Started GET "/api/v1/users/2.json" for 127.0.0.1 at 2017-06-14 09:04:29 -0400
Processing by Api::V1::UsersController#show as JSON
  Parameters: {"id"=>"2"}
  [1m[36mUser Load (1.1ms)[0m  [1m[34mSELECT  "users".* FROM "users" WHERE "users"."id" = $1 LIMIT $2[0m  [["id", 2], ["LIMIT", 1]]
Completed 200 OK in 203ms (Views: 1.4ms | ActiveRecord: 102.3ms)


Started GET "/api/v1/collections/2.json" for 127.0.0.1 at 2017-06-14 09:07:59 -0400
Processing by Api::V1::CollectionsController#show as JSON
  Parameters: {"id"=>"2"}
  [1m[36mCollection Load (2.0ms)[0m  [1m[34mSELECT  "collections".* FROM "collections" WHERE "collections"."id" = $1 LIMIT $2[0m  [["id", 2], ["LIMIT", 1]]
Completed 200 OK in 159ms (Views: 1.5ms | ActiveRecord: 42.4ms)


Started GET "/api/v1/images/2.json" for 127.0.0.1 at 2017-06-14 09:08:10 -0400
Processing by Api::V1::ImagesController#show as JSON
  Parameters: {"id"=>"2"}
  [1m[36mImage Load (12.8ms)[0m  [1m[34mSELECT  "images".* FROM "images" WHERE "images"."id" = $1 LIMIT $2[0m  [["id", 2], ["LIMIT", 1]]
Completed 200 OK in 54ms (Views: 0.8ms | ActiveRecord: 27.3ms)


Started GET "/api/v1/images/2.json" for 127.0.0.1 at 2017-06-14 14:27:09 -0400
  
PG::ConnectionBad (could not connect to server: No such file or directory
	Is the server running locally and accepting
	connections on Unix domain socket "/tmp/.s.PGSQL.5432"?
):
  
pg (0.21.0) lib/pg.rb:56:in `initialize'
pg (0.21.0) lib/pg.rb:56:in `new'
pg (0.21.0) lib/pg.rb:56:in `connect'
activerecord (5.1.1) lib/active_record/connection_adapters/postgresql_adapter.rb:701:in `connect'
activerecord (5.1.1) lib/active_record/connection_adapters/postgresql_adapter.rb:220:in `initialize'
activerecord (5.1.1) lib/active_record/connection_adapters/postgresql_adapter.rb:38:in `new'
activerecord (5.1.1) lib/active_record/connection_adapters/postgresql_adapter.rb:38:in `postgresql_connection'
activerecord (5.1.1) lib/active_record/connection_adapters/abstract/connection_pool.rb:759:in `new_connection'
activerecord (5.1.1) lib/active_record/connection_adapters/abstract/connection_pool.rb:803:in `checkout_new_connection'
activerecord (5.1.1) lib/active_record/connection_adapters/abstract/connection_pool.rb:782:in `try_to_checkout_new_connection'
activerecord (5.1.1) lib/active_record/connection_adapters/abstract/connection_pool.rb:743:in `acquire_connection'
activerecord (5.1.1) lib/active_record/connection_adapters/abstract/connection_pool.rb:500:in `checkout'
activerecord (5.1.1) lib/active_record/connection_adapters/abstract/connection_pool.rb:374:in `connection'
activerecord (5.1.1) lib/active_record/connection_adapters/abstract/connection_pool.rb:931:in `retrieve_connection'
activerecord (5.1.1) lib/active_record/connection_handling.rb:116:in `retrieve_connection'
activerecord (5.1.1) lib/active_record/connection_handling.rb:88:in `connection'
activerecord (5.1.1) lib/active_record/migration.rb:562:in `connection'
activerecord (5.1.1) lib/active_record/migration.rb:553:in `call'
actionpack (5.1.1) lib/action_dispatch/middleware/callbacks.rb:26:in `block in call'
activesupport (5.1.1) lib/active_support/callbacks.rb:97:in `run_callbacks'
actionpack (5.1.1) lib/action_dispatch/middleware/callbacks.rb:24:in `call'
actionpack (5.1.1) lib/action_dispatch/middleware/executor.rb:12:in `call'
actionpack (5.1.1) lib/action_dispatch/middleware/debug_exceptions.rb:59:in `call'
web-console (3.5.1) lib/web_console/middleware.rb:135:in `call_app'
web-console (3.5.1) lib/web_console/middleware.rb:28:in `block in call'
web-console (3.5.1) lib/web_console/middleware.rb:18:in `catch'
web-console (3.5.1) lib/web_console/middleware.rb:18:in `call'
actionpack (5.1.1) lib/action_dispatch/middleware/show_exceptions.rb:31:in `call'
railties (5.1.1) lib/rails/rack/logger.rb:36:in `call_app'
railties (5.1.1) lib/rails/rack/logger.rb:24:in `block in call'
activesupport (5.1.1) lib/active_support/tagged_logging.rb:69:in `block in tagged'
activesupport (5.1.1) lib/active_support/tagged_logging.rb:26:in `tagged'
activesupport (5.1.1) lib/active_support/tagged_logging.rb:69:in `tagged'
railties (5.1.1) lib/rails/rack/logger.rb:24:in `call'
sprockets-rails (3.2.0) lib/sprockets/rails/quiet_assets.rb:13:in `call'
actionpack (5.1.1) lib/action_dispatch/middleware/remote_ip.rb:79:in `call'
actionpack (5.1.1) lib/action_dispatch/middleware/request_id.rb:25:in `call'
rack (2.0.3) lib/rack/method_override.rb:22:in `call'
rack (2.0.3) lib/rack/runtime.rb:22:in `call'
activesupport (5.1.1) lib/active_support/cache/strategy/local_cache_middleware.rb:27:in `call'
actionpack (5.1.1) lib/action_dispatch/middleware/executor.rb:12:in `call'
actionpack (5.1.1) lib/action_dispatch/middleware/static.rb:125:in `call'
rack (2.0.3) lib/rack/sendfile.rb:111:in `call'
railties (5.1.1) lib/rails/engine.rb:522:in `call'
puma (3.9.1) lib/puma/configuration.rb:224:in `call'
puma (3.9.1) lib/puma/server.rb:602:in `handle_request'
puma (3.9.1) lib/puma/server.rb:435:in `process_client'
puma (3.9.1) lib/puma/server.rb:299:in `block in run'
puma (3.9.1) lib/puma/thread_pool.rb:120:in `block in spawn_thread'
Started GET "/" for 127.0.0.1 at 2017-06-14 14:27:10 -0400
  
PG::ConnectionBad (could not connect to server: No such file or directory
	Is the server running locally and accepting
	connections on Unix domain socket "/tmp/.s.PGSQL.5432"?
):
  
pg (0.21.0) lib/pg.rb:56:in `initialize'
pg (0.21.0) lib/pg.rb:56:in `new'
pg (0.21.0) lib/pg.rb:56:in `connect'
activerecord (5.1.1) lib/active_record/connection_adapters/postgresql_adapter.rb:701:in `connect'
activerecord (5.1.1) lib/active_record/connection_adapters/postgresql_adapter.rb:220:in `initialize'
activerecord (5.1.1) lib/active_record/connection_adapters/postgresql_adapter.rb:38:in `new'
activerecord (5.1.1) lib/active_record/connection_adapters/postgresql_adapter.rb:38:in `postgresql_connection'
activerecord (5.1.1) lib/active_record/connection_adapters/abstract/connection_pool.rb:759:in `new_connection'
activerecord (5.1.1) lib/active_record/connection_adapters/abstract/connection_pool.rb:803:in `checkout_new_connection'
activerecord (5.1.1) lib/active_record/connection_adapters/abstract/connection_pool.rb:782:in `try_to_checkout_new_connection'
activerecord (5.1.1) lib/active_record/connection_adapters/abstract/connection_pool.rb:743:in `acquire_connection'
activerecord (5.1.1) lib/active_record/connection_adapters/abstract/connection_pool.rb:500:in `checkout'
activerecord (5.1.1) lib/active_record/connection_adapters/abstract/connection_pool.rb:374:in `connection'
activerecord (5.1.1) lib/active_record/connection_adapters/abstract/connection_pool.rb:931:in `retrieve_connection'
activerecord (5.1.1) lib/active_record/connection_handling.rb:116:in `retrieve_connection'
activerecord (5.1.1) lib/active_record/connection_handling.rb:88:in `connection'
activerecord (5.1.1) lib/active_record/migration.rb:562:in `connection'
activerecord (5.1.1) lib/active_record/migration.rb:553:in `call'
actionpack (5.1.1) lib/action_dispatch/middleware/callbacks.rb:26:in `block in call'
activesupport (5.1.1) lib/active_support/callbacks.rb:97:in `run_callbacks'
actionpack (5.1.1) lib/action_dispatch/middleware/callbacks.rb:24:in `call'
actionpack (5.1.1) lib/action_dispatch/middleware/executor.rb:12:in `call'
actionpack (5.1.1) lib/action_dispatch/middleware/debug_exceptions.rb:59:in `call'
web-console (3.5.1) lib/web_console/middleware.rb:135:in `call_app'
web-console (3.5.1) lib/web_console/middleware.rb:28:in `block in call'
web-console (3.5.1) lib/web_console/middleware.rb:18:in `catch'
web-console (3.5.1) lib/web_console/middleware.rb:18:in `call'
actionpack (5.1.1) lib/action_dispatch/middleware/show_exceptions.rb:31:in `call'
railties (5.1.1) lib/rails/rack/logger.rb:36:in `call_app'
railties (5.1.1) lib/rails/rack/logger.rb:24:in `block in call'
activesupport (5.1.1) lib/active_support/tagged_logging.rb:69:in `block in tagged'
activesupport (5.1.1) lib/active_support/tagged_logging.rb:26:in `tagged'
activesupport (5.1.1) lib/active_support/tagged_logging.rb:69:in `tagged'
railties (5.1.1) lib/rails/rack/logger.rb:24:in `call'
sprockets-rails (3.2.0) lib/sprockets/rails/quiet_assets.rb:13:in `call'
actionpack (5.1.1) lib/action_dispatch/middleware/remote_ip.rb:79:in `call'
actionpack (5.1.1) lib/action_dispatch/middleware/request_id.rb:25:in `call'
rack (2.0.3) lib/rack/method_override.rb:22:in `call'
rack (2.0.3) lib/rack/runtime.rb:22:in `call'
activesupport (5.1.1) lib/active_support/cache/strategy/local_cache_middleware.rb:27:in `call'
actionpack (5.1.1) lib/action_dispatch/middleware/executor.rb:12:in `call'
actionpack (5.1.1) lib/action_dispatch/middleware/static.rb:125:in `call'
rack (2.0.3) lib/rack/sendfile.rb:111:in `call'
railties (5.1.1) lib/rails/engine.rb:522:in `call'
puma (3.9.1) lib/puma/configuration.rb:224:in `call'
puma (3.9.1) lib/puma/server.rb:602:in `handle_request'
puma (3.9.1) lib/puma/server.rb:435:in `process_client'
puma (3.9.1) lib/puma/server.rb:299:in `block in run'
puma (3.9.1) lib/puma/thread_pool.rb:120:in `block in spawn_thread'
Started GET "/api/v1/collections.json" for 127.0.0.1 at 2017-06-14 14:27:39 -0400
  
PG::ConnectionBad (could not connect to server: No such file or directory
	Is the server running locally and accepting
	connections on Unix domain socket "/tmp/.s.PGSQL.5432"?
):
  
pg (0.21.0) lib/pg.rb:56:in `initialize'
pg (0.21.0) lib/pg.rb:56:in `new'
pg (0.21.0) lib/pg.rb:56:in `connect'
activerecord (5.1.1) lib/active_record/connection_adapters/postgresql_adapter.rb:701:in `connect'
activerecord (5.1.1) lib/active_record/connection_adapters/postgresql_adapter.rb:220:in `initialize'
activerecord (5.1.1) lib/active_record/connection_adapters/postgresql_adapter.rb:38:in `new'
activerecord (5.1.1) lib/active_record/connection_adapters/postgresql_adapter.rb:38:in `postgresql_connection'
activerecord (5.1.1) lib/active_record/connection_adapters/abstract/connection_pool.rb:759:in `new_connection'
activerecord (5.1.1) lib/active_record/connection_adapters/abstract/connection_pool.rb:803:in `checkout_new_connection'
activerecord (5.1.1) lib/active_record/connection_adapters/abstract/connection_pool.rb:782:in `try_to_checkout_new_connection'
activerecord (5.1.1) lib/active_record/connection_adapters/abstract/connection_pool.rb:743:in `acquire_connection'
activerecord (5.1.1) lib/active_record/connection_adapters/abstract/connection_pool.rb:500:in `checkout'
activerecord (5.1.1) lib/active_record/connection_adapters/abstract/connection_pool.rb:374:in `connection'
activerecord (5.1.1) lib/active_record/connection_adapters/abstract/connection_pool.rb:931:in `retrieve_connection'
activerecord (5.1.1) lib/active_record/connection_handling.rb:116:in `retrieve_connection'
activerecord (5.1.1) lib/active_record/connection_handling.rb:88:in `connection'
activerecord (5.1.1) lib/active_record/migration.rb:562:in `connection'
activerecord (5.1.1) lib/active_record/migration.rb:553:in `call'
actionpack (5.1.1) lib/action_dispatch/middleware/callbacks.rb:26:in `block in call'
activesupport (5.1.1) lib/active_support/callbacks.rb:97:in `run_callbacks'
actionpack (5.1.1) lib/action_dispatch/middleware/callbacks.rb:24:in `call'
actionpack (5.1.1) lib/action_dispatch/middleware/executor.rb:12:in `call'
actionpack (5.1.1) lib/action_dispatch/middleware/debug_exceptions.rb:59:in `call'
web-console (3.5.1) lib/web_console/middleware.rb:135:in `call_app'
web-console (3.5.1) lib/web_console/middleware.rb:28:in `block in call'
web-console (3.5.1) lib/web_console/middleware.rb:18:in `catch'
web-console (3.5.1) lib/web_console/middleware.rb:18:in `call'
actionpack (5.1.1) lib/action_dispatch/middleware/show_exceptions.rb:31:in `call'
railties (5.1.1) lib/rails/rack/logger.rb:36:in `call_app'
railties (5.1.1) lib/rails/rack/logger.rb:24:in `block in call'
activesupport (5.1.1) lib/active_support/tagged_logging.rb:69:in `block in tagged'
activesupport (5.1.1) lib/active_support/tagged_logging.rb:26:in `tagged'
activesupport (5.1.1) lib/active_support/tagged_logging.rb:69:in `tagged'
railties (5.1.1) lib/rails/rack/logger.rb:24:in `call'
sprockets-rails (3.2.0) lib/sprockets/rails/quiet_assets.rb:13:in `call'
actionpack (5.1.1) lib/action_dispatch/middleware/remote_ip.rb:79:in `call'
actionpack (5.1.1) lib/action_dispatch/middleware/request_id.rb:25:in `call'
rack (2.0.3) lib/rack/method_override.rb:22:in `call'
rack (2.0.3) lib/rack/runtime.rb:22:in `call'
activesupport (5.1.1) lib/active_support/cache/strategy/local_cache_middleware.rb:27:in `call'
actionpack (5.1.1) lib/action_dispatch/middleware/executor.rb:12:in `call'
actionpack (5.1.1) lib/action_dispatch/middleware/static.rb:125:in `call'
rack (2.0.3) lib/rack/sendfile.rb:111:in `call'
railties (5.1.1) lib/rails/engine.rb:522:in `call'
puma (3.9.1) lib/puma/configuration.rb:224:in `call'
puma (3.9.1) lib/puma/server.rb:602:in `handle_request'
puma (3.9.1) lib/puma/server.rb:435:in `process_client'
puma (3.9.1) lib/puma/server.rb:299:in `block in run'
puma (3.9.1) lib/puma/thread_pool.rb:120:in `block in spawn_thread'
Started GET "/api/v1/collections.json" for 127.0.0.1 at 2017-06-15 09:34:40 -0400
  [1m[35m (3.6ms)[0m  [1m[34mSELECT "schema_migrations"."version" FROM "schema_migrations" ORDER BY "schema_migrations"."version" ASC[0m
Processing by Api::V1::CollectionsController#index as JSON
  [1m[36mCollection Load (29.4ms)[0m  [1m[34mSELECT "collections".* FROM "collections"[0m
Completed 200 OK in 110ms (Views: 16.7ms | ActiveRecord: 39.7ms)


